Organ: liver, Label: sex
Data Processing
Starting PCA
1659
1659
Preparing Model
Starting Training
Getting Predictions
sex
Calculating Performances
Accuracy: 0.7108433734939759, Confusion Matrix: [[115  47]
 [ 49 121]]
Gathering Feature Importance
---------------------------------------------
Organ: liver, Label: bmi
Data Processing
Starting PCA
1659
1659
Preparing Model
Starting Training
Getting Predictions
bmi
Calculating Performances
MSE: 4.36240458553429, R2: 0.7725027205145442
Gathering Feature Importance
---------------------------------------------
Organ: liver, Label: weight
Data Processing
Starting PCA
1659
1659
Preparing Model
Starting Training
Getting Predictions
weight
Calculating Performances
MSE: 30.776002346557682, R2: 0.8698510047176131
Gathering Feature Importance
---------------------------------------------
Organ: liver, Label: height
Data Processing
Starting PCA
1659
1659
Preparing Model
Starting Training
Getting Predictions
height
Calculating Performances
MSE: 63.28410847557659, R2: 0.2993274639406115
Gathering Feature Importance
---------------------------------------------
Organ: liver, Label: age
Data Processing
Starting PCA
1659
1659
Preparing Model
Starting Training
Getting Predictions
age
Calculating Performances
MSE: 65.0168275871386, R2: -0.061252902537095144
Gathering Feature Importance
---------------------------------------------
Organ: liver, Label: VAT
Data Processing
Starting PCA
1659
1659
Preparing Model
Starting Training
Getting Predictions
VAT
Calculating Performances
MSE: 1.8767501483956919, R2: 0.6765210295106286
Gathering Feature Importance
---------------------------------------------
Organ: liver, Label: ASAT
Data Processing
Starting PCA
1659
1659
Preparing Model
Starting Training
Getting Predictions
ASAT
Calculating Performances
MSE: 5.235535611888086, R2: 0.4576776611248542
Gathering Feature Importance
---------------------------------------------
