Organ: liver, Label: sex
Data Processing
[]
Starting PCA
2935
2935
Preparing Model
Starting Training
Getting Predictions
sex
Calculating Performances
Accuracy: 1.0, Confusion Matrix: [[295   0]
 [  0 292]]
Gathering Feature Importance
---------------------------------------------
Organ: liver, Label: bmi
Data Processing
[]
Starting PCA
2935
2935
Preparing Model
Starting Training
Getting Predictions
bmi
Calculating Performances
MSE: 11.08175961601915, R2: 0.39049115277862767
Gathering Feature Importance
---------------------------------------------
Organ: liver, Label: height
Data Processing
[]
Starting PCA
2935
2935
Preparing Model
Starting Training
Getting Predictions
height
Calculating Performances
MSE: 39.46257115680156, R2: 0.5668099848699045
Gathering Feature Importance
---------------------------------------------
Organ: liver, Label: weight
Data Processing
[]
Starting PCA
2935
2935
Preparing Model
Starting Training
Getting Predictions
weight
Calculating Performances
MSE: 87.92095454476744, R2: 0.6010900398975809
Gathering Feature Importance
---------------------------------------------
Organ: liver, Label: age
Data Processing
[]
Starting PCA
2935
2935
Preparing Model
Starting Training
Getting Predictions
age
Calculating Performances
MSE: 55.94295908776187, R2: 0.09277137965255444
Gathering Feature Importance
---------------------------------------------
Organ: liver, Label: volume
Data Processing
[]
Starting PCA
115
115
Preparing Model
Starting Training
Getting Predictions
liver
Calculating Performances
MSE: 0.020682022857764975, R2: 0.31623601157295045
Gathering Feature Importance
---------------------------------------------
Organ: liver, Label: VAT
Data Processing
[]
Starting PCA
1660
1660
Preparing Model
Starting Training
Getting Predictions
VAT
Calculating Performances
MSE: 2.979305478175013, R2: 0.5140911220324176
Gathering Feature Importance
---------------------------------------------
Organ: liver, Label: ASAT
Data Processing
[]
Starting PCA
1659
1659
Preparing Model
Starting Training
Getting Predictions
ASAT
Calculating Performances
MSE: 6.392187286481785, R2: 0.33786603382827385
Gathering Feature Importance
---------------------------------------------
Organ: liver, Label: sex
Data Processing
Starting PCA
1659
1659
Preparing Model
Starting Training
Getting Predictions
sex
Calculating Performances
Accuracy: 1.0, Confusion Matrix: [[162   0]
 [  0 170]]
Gathering Feature Importance
---------------------------------------------
Organ: liver, Label: bmi
Data Processing
Starting PCA
1659
1659
Preparing Model
Starting Training
Getting Predictions
bmi
Calculating Performances
MSE: 4.963252288988093, R2: 0.7411688047255109
Gathering Feature Importance
---------------------------------------------
Organ: liver, Label: height
Data Processing
Starting PCA
1659
1659
Preparing Model
Starting Training
Getting Predictions
height
Calculating Performances
MSE: 38.407216448844444, R2: 0.574760830160395
Gathering Feature Importance
---------------------------------------------
Organ: liver, Label: weight
Data Processing
Starting PCA
1659
1659
Preparing Model
Starting Training
Getting Predictions
weight
Calculating Performances
MSE: 33.614680750759995, R2: 0.8578464845048681
Gathering Feature Importance
---------------------------------------------
Organ: liver, Label: age
Data Processing
Starting PCA
1659
1659
Preparing Model
Starting Training
Getting Predictions
age
Calculating Performances
MSE: 54.875790847143996, R2: 0.10427662380945835
Gathering Feature Importance
---------------------------------------------
Organ: liver, Label: volume
Data Processing
Starting PCA
88
88
Preparing Model
Starting Training
Getting Predictions
liver
Calculating Performances
MSE: 0.031119662888039707, R2: 0.3727301187115526
Gathering Feature Importance
---------------------------------------------
Organ: liver, Label: VAT
Data Processing
Starting PCA
1659
1659
Preparing Model
Starting Training
Getting Predictions
VAT
Calculating Performances
MSE: 1.8727219856254547, R2: 0.677215328614318
Gathering Feature Importance
---------------------------------------------
Organ: liver, Label: ASAT
Data Processing
Starting PCA
1659
1659
Preparing Model
Starting Training
Getting Predictions
ASAT
Calculating Performances
MSE: 3.0374995643786775, R2: 0.6853609658683966
Gathering Feature Importance
---------------------------------------------
