Organ: liver, Label: sex
Data Processing
Starting PCA
2935
2935
Preparing Model
Starting Training
Getting Predictions
sex
Calculating Performances
Accuracy: 1.0, Confusion Matrix: [[295   0]
 [  0 292]]
Gathering Feature Importance
---------------------------------------------
Organ: liver, Label: bmi
Data Processing
Starting PCA
2935
2935
Preparing Model
Starting Training
Getting Predictions
bmi
Calculating Performances
MSE: 10.550043694485186, R2: 0.41973610751622525
Gathering Feature Importance
---------------------------------------------
Organ: liver, Label: height
Data Processing
Starting PCA
2935
2935
Preparing Model
Starting Training
Getting Predictions
height
Calculating Performances
MSE: 39.69607033034838, R2: 0.564246808990672
Gathering Feature Importance
---------------------------------------------
Organ: liver, Label: weight
Data Processing
Starting PCA
2935
2935
Preparing Model
Starting Training
Getting Predictions
weight
Calculating Performances
MSE: 83.46216689671101, R2: 0.6213201979071337
Gathering Feature Importance
---------------------------------------------
Organ: liver, Label: age
Data Processing
Starting PCA
2935
2935
Preparing Model
Starting Training
Getting Predictions
age
Calculating Performances
MSE: 54.96073422376836, R2: 0.10870014929153338
Gathering Feature Importance
---------------------------------------------
Organ: liver, Label: volume
Data Processing
Starting PCA
115
115
Preparing Model
Starting Training
Getting Predictions
liver
Calculating Performances
MSE: 0.021046900044009588, R2: 0.30417288400228415
Gathering Feature Importance
---------------------------------------------
Organ: liver, Label: VAT
Data Processing
Starting PCA
1660
1660
Preparing Model
Starting Training
Getting Predictions
VAT
Calculating Performances
MSE: 2.8838249927785577, R2: 0.5296634813848433
Gathering Feature Importance
---------------------------------------------
Organ: liver, Label: ASAT
Data Processing
Starting PCA
1659
1659
Preparing Model
Starting Training
Getting Predictions
ASAT
Calculating Performances
MSE: 6.400012147049805, R2: 0.3370554965692044
Gathering Feature Importance
---------------------------------------------
Organ: liver, Label: sex
Data Processing
Starting PCA
1659
1659
Preparing Model
Starting Training
Getting Predictions
sex
Calculating Performances
Accuracy: 1.0, Confusion Matrix: [[162   0]
 [  0 170]]
Gathering Feature Importance
---------------------------------------------
Organ: liver, Label: bmi
Data Processing
Starting PCA
1659
1659
Preparing Model
Starting Training
Getting Predictions
bmi
Calculating Performances
MSE: 9.0628437719147, R2: 0.5273771008427033
Gathering Feature Importance
---------------------------------------------
Organ: liver, Label: height
Data Processing
Starting PCA
1659
1659
Preparing Model
Starting Training
Getting Predictions
height
Calculating Performances
MSE: 37.60382206677878, R2: 0.583655897068939
Gathering Feature Importance
---------------------------------------------
Organ: liver, Label: weight
Data Processing
Starting PCA
1659
1659
Preparing Model
Starting Training
Getting Predictions
weight
Calculating Performances
MSE: 61.612728347311716, R2: 0.7394452144657389
Gathering Feature Importance
---------------------------------------------
Organ: liver, Label: age
Data Processing
Starting PCA
1659
1659
Preparing Model
Starting Training
Getting Predictions
age
Calculating Performances
MSE: 54.5609932353602, R2: 0.10941498400966265
Gathering Feature Importance
---------------------------------------------
Organ: liver, Label: volume
Data Processing
Starting PCA
88
88
Preparing Model
Starting Training
Getting Predictions
liver
Calculating Performances
MSE: 0.035227173985699446, R2: 0.28993622702032074
Gathering Feature Importance
---------------------------------------------
Organ: liver, Label: VAT
Data Processing
Starting PCA
1659
1659
Preparing Model
Starting Training
Getting Predictions
VAT
Calculating Performances
MSE: 2.704268343330009, R2: 0.5338889727142556
Gathering Feature Importance
---------------------------------------------
Organ: liver, Label: ASAT
Data Processing
Starting PCA
1659
1659
Preparing Model
Starting Training
Getting Predictions
ASAT
Calculating Performances
MSE: 4.811148421461952, R2: 0.5016377581926598
Gathering Feature Importance
---------------------------------------------
