Organ: liver, Label: sex
Data Processing
130
130
Preparing Model
Starting Training
Organ: liver, Label: bmi
Data Processing
130
130
Preparing Model
Starting Training
Organ: liver, Label: height
Data Processing
130
130
Preparing Model
Starting Training
Organ: liver, Label: weight
Data Processing
130
130
Preparing Model
Starting Training
Organ: liver, Label: age
Data Processing
130
130
Preparing Model
Starting Training
Organ: liver, Label: volume
Data Processing
5
5
Preparing Model
Starting Training
Organ: liver, Label: VAT
Data Processing
130
130
Preparing Model
Starting Training
Organ: liver, Label: ASAT
Data Processing
130
130
Preparing Model
Starting Training
