PreModel(
  (encoder): GAT(
    (gat_layers): ModuleList(
      (0): GATConv(
        (fc): Linear(in_features=3, out_features=256, bias=False)
        (feat_drop): Dropout(p=7e-06, inplace=False)
        (attn_drop): Dropout(p=0.01, inplace=False)
        (leaky_relu): LeakyReLU(negative_slope=0.5)
        (res_fc): Linear(in_features=3, out_features=256, bias=False)
        (activation): PReLU(num_parameters=1)
        (norm): Identity()
      )
      (1): GATConv(
        (fc): Linear(in_features=256, out_features=256, bias=False)
        (feat_drop): Dropout(p=7e-06, inplace=False)
        (attn_drop): Dropout(p=0.01, inplace=False)
        (leaky_relu): LeakyReLU(negative_slope=0.5)
        (res_fc): Identity()
        (activation): PReLU(num_parameters=1)
        (norm): Identity()
      )
      (2): GATConv(
        (fc): Linear(in_features=256, out_features=256, bias=False)
        (feat_drop): Dropout(p=7e-06, inplace=False)
        (attn_drop): Dropout(p=0.01, inplace=False)
        (leaky_relu): LeakyReLU(negative_slope=0.5)
        (res_fc): Identity()
        (activation): PReLU(num_parameters=1)
        (norm): Identity()
      )
      (3): GATConv(
        (fc): Linear(in_features=256, out_features=256, bias=False)
        (feat_drop): Dropout(p=7e-06, inplace=False)
        (attn_drop): Dropout(p=0.01, inplace=False)
        (leaky_relu): LeakyReLU(negative_slope=0.5)
        (res_fc): Identity()
        (activation): PReLU(num_parameters=1)
        (norm): Identity()
      )
      (4): GATConv(
        (fc): Linear(in_features=256, out_features=256, bias=False)
        (feat_drop): Dropout(p=7e-06, inplace=False)
        (attn_drop): Dropout(p=0.01, inplace=False)
        (leaky_relu): LeakyReLU(negative_slope=0.5)
        (res_fc): Identity()
        (activation): PReLU(num_parameters=1)
        (norm): Identity()
      )
    )
    (head): Identity()
  )
  (decoder): GAT(
    (gat_layers): ModuleList(
      (0): GATConv(
        (fc): Linear(in_features=256, out_features=3, bias=False)
        (feat_drop): Dropout(p=7e-06, inplace=False)
        (attn_drop): Dropout(p=0.01, inplace=False)
        (leaky_relu): LeakyReLU(negative_slope=0.5)
      )
    )
    (head): Identity()
  )
  (encoder_to_decoder): Linear(in_features=1280, out_features=256, bias=False)
  (criterion): MSELoss()
)
