Organ: liver, Label: sex
Data Processing
Starting PCA
2935
2935
Preparing Model
Starting Training
Getting Predictions
sex
Calculating Performances
Accuracy: 0.9931856899488927, Confusion Matrix: [[293   2]
 [  2 290]]
Gathering Feature Importance
---------------------------------------------
Organ: liver, Label: bmi
Data Processing
Starting PCA
2935
2935
Preparing Model
Starting Training
Getting Predictions
bmi
Calculating Performances
MSE: 10.01988100931544, R2: 0.4488956325622737
Gathering Feature Importance
---------------------------------------------
Organ: liver, Label: weight
Data Processing
Starting PCA
2935
2935
Preparing Model
Starting Training
Getting Predictions
weight
Calculating Performances
MSE: 82.2928588542337, R2: 0.6266255159281586
Gathering Feature Importance
---------------------------------------------
Organ: liver, Label: height
Data Processing
Starting PCA
2935
2935
Preparing Model
Starting Training
Getting Predictions
height
Calculating Performances
MSE: 40.83495825846427, R2: 0.5517449657414905
Gathering Feature Importance
---------------------------------------------
Organ: liver, Label: age
Data Processing
Starting PCA
2935
2935
Preparing Model
Starting Training
Getting Predictions
age
Calculating Performances
MSE: 52.90351017667965, R2: 0.14206221244335848
Gathering Feature Importance
---------------------------------------------
Organ: liver, Label: volume
Data Processing
Starting PCA
1175
1175
Preparing Model
Starting Training
Getting Predictions
volume
Calculating Performances
MSE: 0.02445621036376891, R2: 0.7414945463688797
Gathering Feature Importance
---------------------------------------------
Organ: liver, Label: VAT
Data Processing
Starting PCA
1660
1660
Preparing Model
Starting Training
Getting Predictions
VAT
Calculating Performances
MSE: 2.6026753372234803, R2: 0.5755174949032633
Gathering Feature Importance
---------------------------------------------
Organ: liver, Label: ASAT
Data Processing
Starting PCA
1659
1659
Preparing Model
Starting Training
Getting Predictions
ASAT
Calculating Performances
MSE: 6.310274198831942, R2: 0.3463509913516032
Gathering Feature Importance
---------------------------------------------
