Organ: liver, Label: sex
Data Processing
Starting PCA
2935
2935
Preparing Model
Starting Training
Getting Predictions
sex
Calculating Performances
Accuracy: 0.9948892674616695, Confusion Matrix: [[294   1]
 [  2 290]]
Gathering Feature Importance
---------------------------------------------
Organ: liver, Label: bmi
Data Processing
Starting PCA
2935
2935
Preparing Model
Starting Training
Getting Predictions
bmi
Calculating Performances
MSE: 9.421159123205456, R2: 0.4818259883228865
Gathering Feature Importance
---------------------------------------------
Organ: liver, Label: weight
Data Processing
Starting PCA
2935
2935
Preparing Model
Starting Training
Getting Predictions
weight
Calculating Performances
MSE: 78.40190822748605, R2: 0.6442793160638938
Gathering Feature Importance
---------------------------------------------
Organ: liver, Label: height
Data Processing
Starting PCA
2935
2935
Preparing Model
Starting Training
Getting Predictions
height
Calculating Performances
MSE: 40.158133887585606, R2: 0.559174627592371
Gathering Feature Importance
---------------------------------------------
Organ: liver, Label: age
Data Processing
Starting PCA
2935
2935
Preparing Model
Starting Training
Getting Predictions
age
Calculating Performances
MSE: 51.24889286609078, R2: 0.16889519025444688
Gathering Feature Importance
---------------------------------------------
Organ: liver, Label: volume
Data Processing
Starting PCA
1175
1175
Preparing Model
Starting Training
Getting Predictions
volume
Calculating Performances
MSE: 0.018923282815053784, R2: 0.7999783394265179
Gathering Feature Importance
---------------------------------------------
Organ: liver, Label: VAT
Data Processing
Starting PCA
1660
1660
Preparing Model
Starting Training
Getting Predictions
VAT
Calculating Performances
MSE: 2.396246690584213, R2: 0.609184909273372
Gathering Feature Importance
---------------------------------------------
Organ: liver, Label: ASAT
Data Processing
Starting PCA
1659
1659
Preparing Model
Starting Training
Getting Predictions
ASAT
Calculating Performances
MSE: 6.126109072914366, R2: 0.36542771419922726
Gathering Feature Importance
---------------------------------------------
