Organ: liver, Label: sex
Data Processing
Starting PCA
2935
2935
Preparing Model
Starting Training
Getting Predictions
sex
Calculating Performances
Accuracy: 0.9931856899488927, Confusion Matrix: [[293   2]
 [  2 290]]
Gathering Feature Importance
---------------------------------------------
Organ: liver, Label: bmi
Data Processing
Starting PCA
2935
2935
Preparing Model
Starting Training
Getting Predictions
bmi
Calculating Performances
MSE: 10.0401506616668, R2: 0.4477807796087413
Gathering Feature Importance
---------------------------------------------
Organ: liver, Label: weight
Data Processing
Starting PCA
2935
2935
Preparing Model
Starting Training
Getting Predictions
weight
Calculating Performances
MSE: 84.55853815950876, R2: 0.6163458044992756
Gathering Feature Importance
---------------------------------------------
Organ: liver, Label: height
Data Processing
Starting PCA
2935
2935
Preparing Model
Starting Training
Getting Predictions
height
Calculating Performances
MSE: 41.720044878643485, R2: 0.5420291597220745
Gathering Feature Importance
---------------------------------------------
Organ: liver, Label: age
Data Processing
Starting PCA
2935
2935
Preparing Model
Starting Training
Getting Predictions
age
Calculating Performances
MSE: 54.22228186055656, R2: 0.12067565308313577
Gathering Feature Importance
---------------------------------------------
Organ: liver, Label: volume
Data Processing
Starting PCA
1175
1175
Preparing Model
Starting Training
Getting Predictions
volume
Calculating Performances
MSE: 0.034479026864740546, R2: 0.6355520193908011
Gathering Feature Importance
---------------------------------------------
Organ: liver, Label: VAT
Data Processing
Starting PCA
1660
1660
Preparing Model
Starting Training
Getting Predictions
VAT
Calculating Performances
MSE: 2.7725298959230775, R2: 0.5478151197557654
Gathering Feature Importance
---------------------------------------------
Organ: liver, Label: ASAT
Data Processing
Starting PCA
1659
1659
Preparing Model
Starting Training
Getting Predictions
ASAT
Calculating Performances
MSE: 6.577588366500797, R2: 0.3186612848208217
Gathering Feature Importance
---------------------------------------------
Organ: spleen, Label: sex
Data Processing
Starting PCA
2935
2935
Preparing Model
Starting Training
Getting Predictions
sex
Calculating Performances
Accuracy: 1.0, Confusion Matrix: [[295   0]
 [  0 292]]
Gathering Feature Importance
---------------------------------------------
Organ: spleen, Label: bmi
Data Processing
Starting PCA
2935
2935
Preparing Model
Starting Training
Getting Predictions
bmi
Calculating Performances
MSE: 15.922570634809258, R2: 0.12424127496913451
Gathering Feature Importance
---------------------------------------------
Organ: spleen, Label: weight
Data Processing
Starting PCA
2935
2935
Preparing Model
Starting Training
Getting Predictions
weight
Calculating Performances
MSE: 143.358186941596, R2: 0.3495633784991631
Gathering Feature Importance
---------------------------------------------
Organ: spleen, Label: height
Data Processing
Starting PCA
2935
2935
Preparing Model
Starting Training
Getting Predictions
height
Calculating Performances
MSE: 45.213774598516004, R2: 0.503677658898713
Gathering Feature Importance
---------------------------------------------
Organ: spleen, Label: age
Data Processing
Starting PCA
2935
2935
Preparing Model
Starting Training
Getting Predictions
age
Calculating Performances
MSE: 58.908415569071515, R2: 0.04468048428146054
Gathering Feature Importance
---------------------------------------------
Organ: spleen, Label: volume
Data Processing
Starting PCA
1174
1174
Preparing Model
Starting Training
Getting Predictions
volume
Calculating Performances
MSE: 0.0011435385750714461, R2: 0.8040201552013783
Gathering Feature Importance
---------------------------------------------
Organ: spleen, Label: VAT
Data Processing
Starting PCA
1660
1660
Preparing Model
Starting Training
Getting Predictions
VAT
Calculating Performances
MSE: 4.299901529572382, R2: 0.2987089296779818
Gathering Feature Importance
---------------------------------------------
Organ: spleen, Label: ASAT
Data Processing
Starting PCA
1659
1659
Preparing Model
Starting Training
Getting Predictions
ASAT
Calculating Performances
MSE: 8.117336869224637, R2: 0.15916661776505558
Gathering Feature Importance
---------------------------------------------
Organ: pancreas, Label: sex
Data Processing
Starting PCA
2935
2935
Preparing Model
Starting Training
Getting Predictions
sex
Calculating Performances
Accuracy: 0.9982964224872232, Confusion Matrix: [[295   0]
 [  1 291]]
Gathering Feature Importance
---------------------------------------------
Organ: pancreas, Label: bmi
Data Processing
Starting PCA
2935
2935
Preparing Model
Starting Training
Getting Predictions
bmi
Calculating Performances
MSE: 16.976478358241245, R2: 0.06627520244594387
Gathering Feature Importance
---------------------------------------------
Organ: pancreas, Label: weight
Data Processing
Starting PCA
2935
2935
Preparing Model
Starting Training
Getting Predictions
weight
Calculating Performances
MSE: 158.7355427233918, R2: 0.2797941134455919
Gathering Feature Importance
---------------------------------------------
Organ: pancreas, Label: height
Data Processing
Starting PCA
2935
2935
Preparing Model
Starting Training
Getting Predictions
height
Calculating Performances
MSE: 42.43538697465691, R2: 0.5341766796552293
Gathering Feature Importance
---------------------------------------------
Organ: pancreas, Label: age
Data Processing
Starting PCA
2935
2935
Preparing Model
Starting Training
Getting Predictions
age
Calculating Performances
MSE: 57.00189455955071, R2: 0.07559859182056194
Gathering Feature Importance
---------------------------------------------
Organ: pancreas, Label: volume
Data Processing
Starting PCA
1175
1175
Preparing Model
Starting Training
Getting Predictions
volume
Calculating Performances
MSE: 0.00020912487262988622, R2: 0.30641528996240897
Gathering Feature Importance
---------------------------------------------
Organ: pancreas, Label: VAT
Data Processing
Starting PCA
1660
1660
Preparing Model
Starting Training
Getting Predictions
VAT
Calculating Performances
MSE: 3.7357068814268146, R2: 0.3907260761048925
Gathering Feature Importance
---------------------------------------------
Organ: pancreas, Label: ASAT
Data Processing
Starting PCA
1659
1659
Preparing Model
Starting Training
Getting Predictions
ASAT
Calculating Performances
MSE: 8.315609654944272, R2: 0.13862855464070123
Gathering Feature Importance
---------------------------------------------
Organ: left_kidney, Label: sex
Data Processing
Starting PCA
2935
2935
Preparing Model
Starting Training
Getting Predictions
sex
Calculating Performances
Accuracy: 1.0, Confusion Matrix: [[295   0]
 [  0 292]]
Gathering Feature Importance
---------------------------------------------
Organ: left_kidney, Label: bmi
Data Processing
Starting PCA
2935
2935
Preparing Model
Starting Training
Getting Predictions
bmi
Calculating Performances
MSE: 15.043861849221571, R2: 0.17257121511443763
Gathering Feature Importance
---------------------------------------------
Organ: left_kidney, Label: weight
Data Processing
Starting PCA
2935
2935
Preparing Model
Starting Training
Getting Predictions
weight
Calculating Performances
MSE: 136.58435841768778, R2: 0.3802972084513502
Gathering Feature Importance
---------------------------------------------
Organ: left_kidney, Label: height
Data Processing
Starting PCA
2935
2935
Preparing Model
Starting Training
Getting Predictions
height
Calculating Performances
MSE: 43.437277514775076, R2: 0.523178689268136
Gathering Feature Importance
---------------------------------------------
Organ: left_kidney, Label: age
Data Processing
Starting PCA
2935
2935
Preparing Model
Starting Training
Getting Predictions
age
Calculating Performances
MSE: 59.111939725274716, R2: 0.04137992702724114
Gathering Feature Importance
---------------------------------------------
Organ: left_kidney, Label: volume
Data Processing
Starting PCA
1175
1175
Preparing Model
Starting Training
Getting Predictions
volume
Calculating Performances
MSE: 0.0005463002659524953, R2: 0.5218792412305444
Gathering Feature Importance
---------------------------------------------
Organ: left_kidney, Label: VAT
Data Processing
Starting PCA
1660
1660
Preparing Model
Starting Training
Getting Predictions
VAT
Calculating Performances
MSE: 3.6942820739815336, R2: 0.39748224188017567
Gathering Feature Importance
---------------------------------------------
Organ: left_kidney, Label: ASAT
Data Processing
Starting PCA
1659
1659
Preparing Model
Starting Training
Getting Predictions
ASAT
Calculating Performances
MSE: 8.362326683063493, R2: 0.13378937679280656
Gathering Feature Importance
---------------------------------------------
Organ: right_kidney, Label: sex
Data Processing
Starting PCA
2935
2935
Preparing Model
Starting Training
Getting Predictions
sex
Calculating Performances
Accuracy: 1.0, Confusion Matrix: [[295   0]
 [  0 292]]
Gathering Feature Importance
---------------------------------------------
Organ: right_kidney, Label: bmi
Data Processing
Starting PCA
2935
2935
Preparing Model
Starting Training
Getting Predictions
bmi
Calculating Performances
MSE: 14.991449882031983, R2: 0.17545393038793555
Gathering Feature Importance
---------------------------------------------
Organ: right_kidney, Label: weight
Data Processing
Starting PCA
2935
2935
Preparing Model
Starting Training
Getting Predictions
weight
Calculating Performances
MSE: 130.5961678525334, R2: 0.40746648648978545
Gathering Feature Importance
---------------------------------------------
Organ: right_kidney, Label: height
Data Processing
Starting PCA
2935
2935
Preparing Model
Starting Training
Getting Predictions
height
Calculating Performances
MSE: 42.09912056077899, R2: 0.5378679559366637
Gathering Feature Importance
---------------------------------------------
Organ: right_kidney, Label: age
Data Processing
Starting PCA
2935
2935
Preparing Model
Starting Training
Getting Predictions
age
Calculating Performances
MSE: 60.933168820982004, R2: 0.011845000974382458
Gathering Feature Importance
---------------------------------------------
Organ: right_kidney, Label: volume
Data Processing
Starting PCA
1175
1175
Preparing Model
Starting Training
Getting Predictions
volume
Calculating Performances
MSE: 0.00031992724287746636, R2: 0.6044711513481744
Gathering Feature Importance
---------------------------------------------
Organ: right_kidney, Label: VAT
Data Processing
Starting PCA
1660
1660
Preparing Model
Starting Training
Getting Predictions
VAT
Calculating Performances
MSE: 3.9285520531509768, R2: 0.35927405424933145
Gathering Feature Importance
---------------------------------------------
Organ: right_kidney, Label: ASAT
Data Processing
Starting PCA
1659
1659
Preparing Model
Starting Training
Getting Predictions
ASAT
Calculating Performances
MSE: 8.848567682539175, R2: 0.08342216020967985
Gathering Feature Importance
---------------------------------------------
Organ: liver, Label: sex
Data Processing
Starting PCA
1659
1659
Preparing Model
Starting Training
Getting Predictions
sex
Calculating Performances
Accuracy: 0.713855421686747, Confusion Matrix: [[116  46]
 [ 49 121]]
Gathering Feature Importance
---------------------------------------------
Organ: liver, Label: bmi
Data Processing
Starting PCA
1659
1659
Preparing Model
Starting Training
Getting Predictions
bmi
Calculating Performances
MSE: 4.366497506794688, R2: 0.7722892766595252
Gathering Feature Importance
---------------------------------------------
Organ: liver, Label: weight
Data Processing
Starting PCA
1659
1659
Preparing Model
Starting Training
Getting Predictions
weight
Calculating Performances
MSE: 30.77538164900403, R2: 0.8698536295927374
Gathering Feature Importance
---------------------------------------------
Organ: liver, Label: height
Data Processing
Starting PCA
1659
1659
Preparing Model
Starting Training
Getting Predictions
height
Calculating Performances
MSE: 63.25706942809124, R2: 0.2996268363807162
Gathering Feature Importance
---------------------------------------------
Organ: liver, Label: age
Data Processing
Starting PCA
1659
1659
Preparing Model
Starting Training
Getting Predictions
age
Calculating Performances
MSE: 65.01500619293752, R2: -0.06122317238946584
Gathering Feature Importance
---------------------------------------------
Organ: liver, Label: VAT
Data Processing
Starting PCA
1659
1659
Preparing Model
Starting Training
Getting Predictions
VAT
Calculating Performances
MSE: 1.8761898968044959, R2: 0.6766175951659398
Gathering Feature Importance
---------------------------------------------
Organ: liver, Label: ASAT
Data Processing
Starting PCA
1659
1659
Preparing Model
Starting Training
Getting Predictions
ASAT
Calculating Performances
MSE: 5.239230310510631, R2: 0.45729494620379296
Gathering Feature Importance
---------------------------------------------
Organ: liver, Label: sex
Data Processing
Starting PCA
2935
2935
Preparing Model
Starting Training
Getting Predictions
sex
Calculating Performances
Accuracy: 1.0, Confusion Matrix: [[295   0]
 [  0 292]]
Gathering Feature Importance
---------------------------------------------
Organ: liver, Label: bmi
Data Processing
Starting PCA
2935
2935
Preparing Model
Starting Training
Getting Predictions
bmi
Calculating Performances
MSE: 10.635995691254646, R2: 0.4150086540898218
Gathering Feature Importance
---------------------------------------------
Organ: liver, Label: height
Data Processing
Starting PCA
2935
2935
Preparing Model
Starting Training
Getting Predictions
height
Calculating Performances
MSE: 38.94295907911271, R2: 0.5725138900437826
Gathering Feature Importance
---------------------------------------------
Organ: liver, Label: weight
Data Processing
Starting PCA
2935
2935
Preparing Model
Starting Training
Getting Predictions
weight
Calculating Performances
MSE: 85.37744827857013, R2: 0.6126302920299938
Gathering Feature Importance
---------------------------------------------
Organ: liver, Label: age
Data Processing
Starting PCA
2935
2935
Preparing Model
Starting Training
Getting Predictions
age
Calculating Performances
MSE: 55.26508056180931, R2: 0.10376455573568433
Gathering Feature Importance
---------------------------------------------
Organ: liver, Label: volume
Data Processing
Starting PCA
115
115
Preparing Model
Starting Training
Getting Predictions
liver
Calculating Performances
MSE: 0.0199171603508911, R2: 0.34152296932824755
Gathering Feature Importance
---------------------------------------------
Organ: liver, Label: VAT
Data Processing
Starting PCA
1660
1660
Preparing Model
Starting Training
Getting Predictions
VAT
Calculating Performances
MSE: 2.8793356452331356, R2: 0.5303956700927763
Gathering Feature Importance
---------------------------------------------
Organ: liver, Label: ASAT
Data Processing
Starting PCA
1659
1659
Preparing Model
Starting Training
Getting Predictions
ASAT
Calculating Performances
MSE: 6.302688187611413, R2: 0.34713678742918275
Gathering Feature Importance
---------------------------------------------
Organ: liver, Label: sex
Data Processing
Starting PCA
1659
1659
Preparing Model
Starting Training
Getting Predictions
sex
Calculating Performances
Accuracy: 1.0, Confusion Matrix: [[162   0]
 [  0 170]]
Gathering Feature Importance
---------------------------------------------
Organ: liver, Label: bmi
Data Processing
Starting PCA
1659
1659
Preparing Model
Starting Training
Getting Predictions
bmi
Calculating Performances
MSE: 4.719605216564604, R2: 0.753874881166642
Gathering Feature Importance
---------------------------------------------
Organ: liver, Label: height
Data Processing
Starting PCA
1659
1659
Preparing Model
Starting Training
Getting Predictions
height
Calculating Performances
MSE: 38.04964926840755, R2: 0.5787197624921195
Gathering Feature Importance
---------------------------------------------
Organ: liver, Label: weight
Data Processing
Starting PCA
1659
1659
Preparing Model
Starting Training
Getting Predictions
weight
Calculating Performances
MSE: 30.978514205916557, R2: 0.8689945999535528
Gathering Feature Importance
---------------------------------------------
Organ: liver, Label: age
Data Processing
Starting PCA
1659
1659
Preparing Model
Starting Training
Getting Predictions
age
Calculating Performances
MSE: 53.48013203173463, R2: 0.12705760257714083
Gathering Feature Importance
---------------------------------------------
Organ: liver, Label: volume
Data Processing
Starting PCA
88
88
Preparing Model
Starting Training
Getting Predictions
liver
Calculating Performances
MSE: 0.02747021731364095, R2: 0.4462909185331202
Gathering Feature Importance
---------------------------------------------
Organ: liver, Label: VAT
Data Processing
Starting PCA
1659
1659
Preparing Model
Starting Training
Getting Predictions
VAT
Calculating Performances
MSE: 1.785612497029339, R2: 0.6922296275155408
Gathering Feature Importance
---------------------------------------------
Organ: liver, Label: ASAT
Data Processing
Starting PCA
1659
1659
Preparing Model
Starting Training
Getting Predictions
ASAT
Calculating Performances
MSE: 2.8253393017067197, R2: 0.7073375616549598
Gathering Feature Importance
---------------------------------------------
Organ: liver, Label: sex
Data Processing
Starting PCA
2935
2935
Preparing Model
Starting Training
Getting Predictions
sex
Calculating Performances
Accuracy: 1.0, Confusion Matrix: [[295   0]
 [  0 292]]
Gathering Feature Importance
---------------------------------------------
Organ: liver, Label: bmi
Data Processing
Starting PCA
2935
2935
Preparing Model
Starting Training
Getting Predictions
bmi
Calculating Performances
MSE: 10.54351023574851, R2: 0.4200954548618583
Gathering Feature Importance
---------------------------------------------
Organ: liver, Label: height
Data Processing
Starting PCA
2935
2935
Preparing Model
Starting Training
Getting Predictions
height
Calculating Performances
MSE: 39.67381440239246, R2: 0.5644911175971653
Gathering Feature Importance
---------------------------------------------
Organ: liver, Label: weight
Data Processing
Starting PCA
2935
2935
Preparing Model
Starting Training
Getting Predictions
weight
Calculating Performances
MSE: 83.43266320994277, R2: 0.6214540603586111
Gathering Feature Importance
---------------------------------------------
Organ: liver, Label: age
Data Processing
Starting PCA
2935
2935
Preparing Model
Starting Training
Getting Predictions
age
Calculating Performances
MSE: 54.97943205487798, R2: 0.10839692601200579
Gathering Feature Importance
---------------------------------------------
Organ: liver, Label: volume
Data Processing
Starting PCA
115
115
Preparing Model
Starting Training
Getting Predictions
liver
Calculating Performances
MSE: 0.021038950769174218, R2: 0.3044356932982566
Gathering Feature Importance
---------------------------------------------
Organ: liver, Label: VAT
Data Processing
Starting PCA
1660
1660
Preparing Model
Starting Training
Getting Predictions
VAT
Calculating Performances
MSE: 2.8817755037694592, R2: 0.5299977421419604
Gathering Feature Importance
---------------------------------------------
Organ: liver, Label: ASAT
Data Processing
Starting PCA
1659
1659
Preparing Model
Starting Training
Getting Predictions
ASAT
Calculating Performances
MSE: 6.402683199407574, R2: 0.33677881592575054
Gathering Feature Importance
---------------------------------------------
Organ: liver, Label: sex
Data Processing
Starting PCA
1659
1659
Preparing Model
Starting Training
Getting Predictions
sex
Calculating Performances
Accuracy: 1.0, Confusion Matrix: [[162   0]
 [  0 170]]
Gathering Feature Importance
---------------------------------------------
Organ: liver, Label: bmi
Data Processing
Starting PCA
1659
1659
Preparing Model
Starting Training
Getting Predictions
bmi
Calculating Performances
MSE: 9.051378173328526, R2: 0.5279750262379489
Gathering Feature Importance
---------------------------------------------
Organ: liver, Label: height
Data Processing
Starting PCA
1659
1659
Preparing Model
Starting Training
Getting Predictions
height
Calculating Performances
MSE: 37.60836481411692, R2: 0.5836056004245718
Gathering Feature Importance
---------------------------------------------
Organ: liver, Label: weight
Data Processing
Starting PCA
1659
1659
Preparing Model
Starting Training
Getting Predictions
weight
Calculating Performances
MSE: 61.61266599473951, R2: 0.7394454781492588
Gathering Feature Importance
---------------------------------------------
Organ: liver, Label: age
Data Processing
Starting PCA
1659
1659
Preparing Model
Starting Training
Getting Predictions
age
Calculating Performances
MSE: 54.51832966271336, R2: 0.1101113704988892
Gathering Feature Importance
---------------------------------------------
Organ: liver, Label: volume
Data Processing
Starting PCA
88
88
Preparing Model
Starting Training
Getting Predictions
liver
Calculating Performances
MSE: 0.035227173985699446, R2: 0.28993622702032074
Gathering Feature Importance
---------------------------------------------
Organ: liver, Label: VAT
Data Processing
Starting PCA
1659
1659
Preparing Model
Starting Training
Getting Predictions
VAT
Calculating Performances
MSE: 2.70295122301767, R2: 0.5341159931959165
Gathering Feature Importance
---------------------------------------------
Organ: liver, Label: ASAT
Data Processing
Starting PCA
1659
1659
Preparing Model
Starting Training
Getting Predictions
ASAT
Calculating Performances
MSE: 4.8108062852778435, R2: 0.5016731983289389
Gathering Feature Importance
---------------------------------------------
Organ: liver, Label: sex
Data Processing
Starting PCA
2935
2935
Preparing Model
Starting Training
Getting Predictions
sex
Calculating Performances
Accuracy: 0.717206132879046, Confusion Matrix: [[202  93]
 [ 73 219]]
Gathering Feature Importance
---------------------------------------------
Organ: liver, Label: bmi
Data Processing
Starting PCA
2935
2935
Preparing Model
Starting Training
Getting Predictions
bmi
Calculating Performances
MSE: 12.950003622262258, R2: 0.28773569786626707
Gathering Feature Importance
---------------------------------------------
Organ: liver, Label: height
Data Processing
Starting PCA
2935
2935
Preparing Model
Starting Training
Getting Predictions
height
Calculating Performances
MSE: 58.908573630268286, R2: 0.3533465976965363
Gathering Feature Importance
---------------------------------------------
Organ: liver, Label: weight
Data Processing
Starting PCA
2935
2935
Preparing Model
Starting Training
Getting Predictions
weight
Calculating Performances
MSE: 97.75294305703284, R2: 0.5564809001826773
Gathering Feature Importance
---------------------------------------------
Organ: liver, Label: age
Data Processing
Starting PCA
2935
2935
Preparing Model
Starting Training
Getting Predictions
age
Calculating Performances
MSE: 58.20541970894594, R2: 0.05608098891495983
Gathering Feature Importance
---------------------------------------------
Organ: liver, Label: volume
Data Processing
Starting PCA
115
115
Preparing Model
Starting Training
Getting Predictions
liver
Calculating Performances
MSE: 0.018959708311686592, R2: 0.3731770889255621
Gathering Feature Importance
---------------------------------------------
Organ: liver, Label: VAT
Data Processing
Starting PCA
1660
1660
Preparing Model
Starting Training
Getting Predictions
VAT
Calculating Performances
MSE: 3.6291423664509317, R2: 0.40810618173098945
Gathering Feature Importance
---------------------------------------------
Organ: liver, Label: ASAT
Data Processing
Starting PCA
1659
1659
Preparing Model
Starting Training
Getting Predictions
ASAT
Calculating Performances
MSE: 9.179658018403966, R2: 0.04912620681812274
Gathering Feature Importance
---------------------------------------------
Organ: liver, Label: sex
Data Processing
Starting PCA
1659
1659
Preparing Model
Starting Training
Getting Predictions
sex
Calculating Performances
Accuracy: 0.6927710843373494, Confusion Matrix: [[106  56]
 [ 46 124]]
Gathering Feature Importance
---------------------------------------------
Organ: liver, Label: bmi
Data Processing
Starting PCA
1659
1659
Preparing Model
Starting Training
Getting Predictions
bmi
Calculating Performances
MSE: 11.939147385544608, R2: 0.3773792649599851
Gathering Feature Importance
---------------------------------------------
Organ: liver, Label: height
Data Processing
Starting PCA
1659
1659
Preparing Model
Starting Training
Getting Predictions
height
Calculating Performances
MSE: 64.58025068423736, R2: 0.2849767640522429
Gathering Feature Importance
---------------------------------------------
Organ: liver, Label: weight
Data Processing
Starting PCA
1659
1659
Preparing Model
Starting Training
Getting Predictions
weight
Calculating Performances
MSE: 78.20989790330017, R2: 0.6692572505476466
Gathering Feature Importance
---------------------------------------------
Organ: liver, Label: age
Data Processing
Starting PCA
1659
1659
Preparing Model
Starting Training
Getting Predictions
age
Calculating Performances
MSE: 56.41628230019063, R2: 0.07913157926405623
Gathering Feature Importance
---------------------------------------------
Organ: liver, Label: volume
Data Processing
Starting PCA
88
88
Preparing Model
Starting Training
Getting Predictions
liver
Calculating Performances
MSE: 0.021715137117180306, R2: 0.5622943754030467
Gathering Feature Importance
---------------------------------------------
Organ: liver, Label: VAT
Data Processing
Starting PCA
1659
1659
Preparing Model
Starting Training
Getting Predictions
VAT
Calculating Performances
MSE: 3.2802198241329696, R2: 0.43461726506514053
Gathering Feature Importance
---------------------------------------------
Organ: liver, Label: ASAT
Data Processing
Starting PCA
1659
1659
Preparing Model
Starting Training
Getting Predictions
ASAT
Calculating Performances
MSE: 8.854098311029738, R2: 0.08284927070977066
Gathering Feature Importance
---------------------------------------------
