GNN(
  (fc): ModuleList(
    (0): Linear(512, 256, bias=True)
    (1): Linear(256, 256, bias=True)
    (2): Linear(256, 256, bias=True)
  )
  (input_encoder): Sequential(
    (0): Linear(in_features=3, out_features=64, bias=True)
    (1): Identity()
  )
  (layers): ModuleList(
    (0): SAGEConv(64, 1024, aggr=mean)
    (1): LeakyReLU(negative_slope=0.01)
    (2): LayerNorm(1024, mode=graph)
    (3): SAGEConv(1024, 1024, aggr=mean)
    (4): LeakyReLU(negative_slope=0.01)
    (5): LayerNorm(1024, mode=graph)
    (6): SAGEConv(1024, 512, aggr=mean)
    (7): LeakyReLU(negative_slope=0.01)
    (8): LayerNorm(512, mode=graph)
    (9): SAGEConv(512, 512, aggr=mean)
    (10): LeakyReLU(negative_slope=0.01)
    (11): LayerNorm(512, mode=graph)
  )
  (pred_layer): Linear(256, 1, bias=True)
)
Number of samples used: 30379
Number of samples used: 30379, with label: sex
Original Distrubution: [11415, 10595, 2254, 2148, 1493, 1442]
GNN(
  (fc): ModuleList(
    (0): Linear(1024, 1024, bias=True)
    (1): Linear(1024, 512, bias=True)
    (2): Linear(512, 512, bias=True)
    (3): Linear(512, 256, bias=True)
    (4): Linear(256, 256, bias=True)
    (5): Linear(256, 256, bias=True)
  )
  (input_encoder): Sequential(
    (0): Linear(in_features=3, out_features=128, bias=True)
    (1): Identity()
  )
  (layers): ModuleList(
    (0): GATConv(128, 1024, heads=1)
    (1): Tanh()
  )
  (pred_layer): Linear(256, 1, bias=True)
)
Number of samples used: 30379
Number of samples used: 30379, with label: sex
Original Distrubution: [11415, 10595, 2254, 2148, 1493, 1442]
[[  0 143]
 [  0 113]]
[[  0 125]
 [  0 131]]
[[  0 113]
 [  0 143]]
[[  0 152]
 [  0 104]]
[[  0 144]
 [  0 112]]
[[  0 119]
 [  0 137]]
[[  0 123]
 [  0 133]]
[[  0 120]
 [  0 136]]
[[  0 140]
 [  0 116]]
[[  0 130]
 [  0 126]]
[[  0 127]
 [  0 129]]
[[ 0 57]
 [ 0 62]]
[[  0 130]
 [  0 126]]
[[  0 121]
 [  0 135]]
[[  0 133]
 [  0 123]]
[[  0 127]
 [  0 129]]
[[  0 140]
 [  0 116]]
[[  0 124]
 [  0 132]]
[[  0 131]
 [  0 125]]
[[  0 127]
 [  0 129]]
[[  0 130]
 [  0 126]]
[[  0 125]
 [  0 131]]
[[  0 139]
 [  0 117]]
[[ 0 66]
 [ 0 53]]
[[  0 132]
 [  0 124]]
[[  0 127]
 [  0 129]]
[[  0 132]
 [  0 124]]
[[  0 145]
 [  0 111]]
[[  0 123]
 [  0 133]]
[[  0 122]
 [  0 134]]
[[  0 129]
 [  0 127]]
[[  0 135]
 [  0 121]]
[[  0 128]
 [  0 128]]
[[  0 131]
 [  0 125]]
[[  0 130]
 [  0 126]]
[[ 0 59]
 [ 0 60]]
[[  0 136]
 [  0 120]]
[[  0 135]
 [  0 121]]
[[  0 122]
 [  0 134]]
[[  0 127]
 [  0 129]]
[[  0 120]
 [  0 136]]
[[  0 135]
 [  0 121]]
[[  0 135]
 [  0 121]]
[[  0 126]
 [  0 130]]
[[  0 135]
 [  0 121]]
[[  0 133]
 [  0 123]]
[[  0 119]
 [  0 137]]
[[ 0 70]
 [ 0 49]]
[[  0 131]
 [  0 125]]
[[  0 134]
 [  0 122]]
[[  0 131]
 [  0 125]]
[[  0 131]
 [  0 125]]
[[  0 135]
 [  0 121]]
[[  0 119]
 [  0 137]]
[[  0 141]
 [  0 115]]
[[  0 126]
 [  0 130]]
[[  0 132]
 [  0 124]]
[[  0 132]
 [  0 124]]
[[  0 132]
 [  0 124]]
[[ 0 49]
 [ 0 70]]
[[  0 137]
 [  0 119]]
[[  0 131]
 [  0 125]]
[[  0 131]
 [  0 125]]
[[  0 121]
 [  0 135]]
[[  0 124]
 [  0 132]]
[[  0 112]
 [  0 144]]
[[  0 150]
 [  0 106]]
[[  0 135]
 [  0 121]]
[[  0 134]
 [  0 122]]
[[  0 143]
 [  0 113]]
[[  0 114]
 [  0 142]]
[[ 0 61]
 [ 0 58]]
[[  0 122]
 [  0 134]]
[[  0 135]
 [  0 121]]
[[  0 127]
 [  0 129]]
[[  0 138]
 [  0 118]]
[[  0 141]
 [  0 115]]
[[  0 140]
 [  0 116]]
[[  0 122]
 [  0 134]]
[[  0 134]
 [  0 122]]
[[  0 132]
 [  0 124]]
[[  0 115]
 [  0 141]]
[[  0 130]
 [  0 126]]
[[ 0 57]
 [ 0 62]]
[[  0 128]
 [  0 128]]
[[  0 126]
 [  0 130]]
[[  0 136]
 [  0 120]]
[[  0 142]
 [  0 114]]
[[  0 135]
 [  0 121]]
[[  0 129]
 [  0 127]]
[[  0 146]
 [  0 110]]
[[  0 120]
 [  0 136]]
[[  0 119]
 [  0 137]]
[[  0 130]
 [  0 126]]
[[  0 121]
 [  0 135]]
[[ 0 61]
 [ 0 58]]
[[  0 131]
 [  0 125]]
[[  0 123]
 [  0 133]]
[[  0 131]
 [  0 125]]
[[  0 148]
 [  0 108]]
[[  0 126]
 [  0 130]]
[[  0 133]
 [  0 123]]
[[  0 128]
 [  0 128]]
[[  0 124]
 [  0 132]]
[[  0 120]
 [  0 136]]
[[  0 132]
 [  0 124]]
[[  0 130]
 [  0 126]]
[[ 0 67]
 [ 0 52]]
[[  0 131]
 [  0 125]]
[[  0 126]
 [  0 130]]
[[  0 140]
 [  0 116]]
[[  0 135]
 [  0 121]]
[[  0 129]
 [  0 127]]
[[  0 129]
 [  0 127]]
[[  0 128]
 [  0 128]]
[[  0 129]
 [  0 127]]
[[  0 138]
 [  0 118]]
[[  0 121]
 [  0 135]]
[[  0 122]
 [  0 134]]
[[ 0 65]
 [ 0 54]]
[[  0 122]
 [  0 134]]
[[  0 130]
 [  0 126]]
[[  0 137]
 [  0 119]]
[[  0 134]
 [  0 122]]
[[  0 126]
 [  0 130]]
[[  0 118]
 [  0 138]]
[[  0 135]
 [  0 121]]
[[  0 128]
 [  0 128]]
[[  0 134]
 [  0 122]]
[[  0 139]
 [  0 117]]
[[  0 120]
 [  0 136]]
[[ 0 70]
 [ 0 49]]
[[  0 134]
 [  0 122]]
[[  0 137]
 [  0 119]]
[[  0 113]
 [  0 143]]
[[  0 128]
 [  0 128]]
[[  0 125]
 [  0 131]]
[[  0 135]
 [  0 121]]
[[  0 131]
 [  0 125]]
[[  0 120]
 [  0 136]]
[[  0 134]
 [  0 122]]
[[  0 134]
 [  0 122]]
[[  0 138]
 [  0 118]]
[[ 0 64]
 [ 0 55]]
[[  0 138]
 [  0 118]]
[[  0 123]
 [  0 133]]
[[  0 139]
 [  0 117]]
[[  0 117]
 [  0 139]]
[[  0 128]
 [  0 128]]
[[  0 127]
 [  0 129]]
[[  0 128]
 [  0 128]]
[[  0 134]
 [  0 122]]
[[  0 148]
 [  0 108]]
[[  0 124]
 [  0 132]]
[[  0 133]
 [  0 123]]
[[ 0 54]
 [ 0 65]]
[[  0 139]
 [  0 117]]
[[  0 124]
 [  0 132]]
[[  0 130]
 [  0 126]]
[[  0 118]
 [  0 138]]
[[  0 128]
 [  0 128]]
[[  0 117]
 [  0 139]]
[[  0 138]
 [  0 118]]
[[  0 118]
 [  0 138]]
[[  0 130]
 [  0 126]]
[[  0 155]
 [  0 101]]
[[  0 134]
 [  0 122]]
[[ 0 62]
 [ 0 57]]
[[  0 129]
 [  0 127]]
[[  0 141]
 [  0 115]]
[[  0 113]
 [  0 143]]
[[  0 136]
 [  0 120]]
[[  0 119]
 [  0 137]]
[[  0 134]
 [  0 122]]
[[  0 138]
 [  0 118]]
[[  0 125]
 [  0 131]]
[[  0 136]
 [  0 120]]
[[  0 131]
 [  0 125]]
[[  0 133]
 [  0 123]]
[[ 0 58]
 [ 0 61]]
[[  0 129]
 [  0 127]]
[[  0 134]
 [  0 122]]
[[  0 132]
 [  0 124]]
[[  0 118]
 [  0 138]]
[[  0 126]
 [  0 130]]
[[  0 122]
 [  0 134]]
[[  0 135]
 [  0 121]]
[[  0 135]
 [  0 121]]
[[  0 139]
 [  0 117]]
[[  0 130]
 [  0 126]]
[[  0 135]
 [  0 121]]
[[ 0 58]
 [ 0 61]]
[[  0 126]
 [  0 130]]
[[  0 135]
 [  0 121]]
[[  0 137]
 [  0 119]]
[[  0 125]
 [  0 131]]
[[  0 127]
 [  0 129]]
[[  0 124]
 [  0 132]]
[[  0 137]
 [  0 119]]
[[  0 127]
 [  0 129]]
[[  0 136]
 [  0 120]]
[[  0 128]
 [  0 128]]
[[  0 138]
 [  0 118]]
[[ 0 53]
 [ 0 66]]
[[  0 135]
 [  0 121]]
[[  0 141]
 [  0 115]]
[[  0 123]
 [  0 133]]
[[  0 125]
 [  0 131]]
[[  0 129]
 [  0 127]]
[[  0 119]
 [  0 137]]
[[  0 139]
 [  0 117]]
[[  0 130]
 [  0 126]]
[[  0 131]
 [  0 125]]
[[  0 136]
 [  0 120]]
[[  0 130]
 [  0 126]]
[[ 0 55]
 [ 0 64]]
[[  0 119]
 [  0 137]]
[[  0 138]
 [  0 118]]
[[  0 127]
 [  0 129]]
[[  0 143]
 [  0 113]]
[[  0 116]
 [  0 140]]
[[  0 135]
 [  0 121]]
[[  0 123]
 [  0 133]]
[[  0 136]
 [  0 120]]
[[  0 130]
 [  0 126]]
[[  0 140]
 [  0 116]]
[[  0 128]
 [  0 128]]
[[ 0 58]
 [ 0 61]]
[[  0 124]
 [  0 132]]
[[  0 136]
 [  0 120]]
[[  0 129]
 [  0 127]]
[[  0 142]
 [  0 114]]
[[  0 130]
 [  0 126]]
[[  0 141]
 [  0 115]]
[[  0 130]
 [  0 126]]
[[  0 129]
 [  0 127]]
[[  0 121]
 [  0 135]]
[[  0 126]
 [  0 130]]
[[  0 134]
 [  0 122]]
[[ 0 51]
 [ 0 68]]
[[  0 136]
 [  0 120]]
[[  0 144]
 [  0 112]]
[[  0 130]
 [  0 126]]
[[  0 128]
 [  0 128]]
[[  0 129]
 [  0 127]]
[[  0 131]
 [  0 125]]
[[  0 131]
 [  0 125]]
[[  0 118]
 [  0 138]]
[[  0 127]
 [  0 129]]
[[  0 123]
 [  0 133]]
[[  0 131]
 [  0 125]]
[[ 0 65]
 [ 0 54]]
[[  0 128]
 [  0 128]]
[[  0 119]
 [  0 137]]
[[  0 129]
 [  0 127]]
[[  0 132]
 [  0 124]]
[[  0 126]
 [  0 130]]
[[  0 121]
 [  0 135]]
[[  0 141]
 [  0 115]]
[[  0 141]
 [  0 115]]
[[  0 131]
 [  0 125]]
[[  0 132]
 [  0 124]]
[[  0 130]
 [  0 126]]
[[ 0 63]
 [ 0 56]]
[[  0 142]
 [  0 114]]
[[  0 123]
 [  0 133]]
[[  0 127]
 [  0 129]]
[[  0 132]
 [  0 124]]
[[  0 136]
 [  0 120]]
[[  0 122]
 [  0 134]]
[[  0 127]
 [  0 129]]
[[  0 146]
 [  0 110]]
[[  0 129]
 [  0 127]]
[[  0 126]
 [  0 130]]
[[  0 125]
 [  0 131]]
[[ 0 58]
 [ 0 61]]
[[  0 126]
 [  0 130]]
[[  0 120]
 [  0 136]]
[[  0 125]
 [  0 131]]
[[  0 121]
 [  0 135]]
[[  0 137]
 [  0 119]]
[[  0 128]
 [  0 128]]
[[  0 129]
 [  0 127]]
[[  0 125]
 [  0 131]]
[[  0 159]
 [  0  97]]
[[  0 137]
 [  0 119]]
[[  0 132]
 [  0 124]]
[[ 0 54]
 [ 0 65]]
[[  0 146]
 [  0 110]]
[[  0 133]
 [  0 123]]
[[  0 133]
 [  0 123]]
[[  0 143]
 [  0 113]]
[[  0 115]
 [  0 141]]
[[  0 115]
 [  0 141]]
[[  0 130]
 [  0 126]]
[[  0 120]
 [  0 136]]
[[  0 147]
 [  0 109]]
[[  0 124]
 [  0 132]]
[[  0 131]
 [  0 125]]
[[ 0 56]
 [ 0 63]]
[[  0 121]
 [  0 135]]
[[  0 134]
 [  0 122]]
[[  0 130]
 [  0 126]]
[[  0 130]
 [  0 126]]
[[  0 138]
 [  0 118]]
[[  0 139]
 [  0 117]]
[[  0 122]
 [  0 134]]
[[  0 125]
 [  0 131]]
[[  0 132]
 [  0 124]]
[[  0 134]
 [  0 122]]
[[  0 117]
 [  0 139]]
[[ 0 71]
 [ 0 48]]
[[  0 125]
 [  0 131]]
[[  0 132]
 [  0 124]]
[[  0 131]
 [  0 125]]
[[  0 135]
 [  0 121]]
[[  0 135]
 [  0 121]]
[[  0 129]
 [  0 127]]
[[  0 136]
 [  0 120]]
[[  0 121]
 [  0 135]]
[[  0 132]
 [  0 124]]
[[  0 131]
 [  0 125]]
[[  0 130]
 [  0 126]]
[[ 0 56]
 [ 0 63]]
[[  0 127]
 [  0 129]]
[[  0 125]
 [  0 131]]
[[  0 139]
 [  0 117]]
[[  0 133]
 [  0 123]]
[[  0 134]
 [  0 122]]
[[  0 134]
 [  0 122]]
[[  0 138]
 [  0 118]]
[[  0 134]
 [  0 122]]
[[  0 107]
 [  0 149]]
[[  0 121]
 [  0 135]]
[[  0 137]
 [  0 119]]
[[ 0 64]
 [ 0 55]]
[[  0 118]
 [  0 138]]
[[  0 133]
 [  0 123]]
[[  0 135]
 [  0 121]]
[[  0 129]
 [  0 127]]
[[  0 134]
 [  0 122]]
[[  0 113]
 [  0 143]]
[[  0 125]
 [  0 131]]
[[  0 122]
 [  0 134]]
[[  0 135]
 [  0 121]]
[[  0 144]
 [  0 112]]
[[  0 144]
 [  0 112]]
[[ 0 61]
 [ 0 58]]
[[  0 124]
 [  0 132]]
[[  0 141]
 [  0 115]]
[[  0 110]
 [  0 146]]
[[  0 144]
 [  0 112]]
[[  0 114]
 [  0 142]]
[[  0 132]
 [  0 124]]
[[  0 132]
 [  0 124]]
[[  0 128]
 [  0 128]]
[[  0 125]
 [  0 131]]
[[  0 140]
 [  0 116]]
[[  0 135]
 [  0 121]]
[[ 0 68]
 [ 0 51]]
GNN(
  (fc): ModuleList(
    (0): Linear(1024, 1024, bias=True)
    (1): Linear(1024, 512, bias=True)
    (2): Linear(512, 512, bias=True)
    (3): Linear(512, 256, bias=True)
    (4): Linear(256, 256, bias=True)
    (5): Linear(256, 256, bias=True)
  )
  (input_encoder): Sequential(
    (0): Linear(in_features=3, out_features=32, bias=True)
    (1): Identity()
  )
  (layers): ModuleList(
    (0): SAGEConv(32, 1024, aggr=mean)
    (1): Tanh()
    (2): LayerNorm(1024, mode=graph)
  )
  (pred_layer): Linear(256, 1, bias=True)
)
Number of samples used: 30379
Number of samples used: 30379, with label: sex
Original Distrubution: [11415, 10595, 2254, 2148, 1493, 1442]
[[128   0]
 [128   0]]
[[129   0]
 [127   0]]
[[134   0]
 [122   0]]
[[130   0]
 [126   0]]
[[134   0]
 [122   0]]
[[123   0]
 [133   0]]
[[133   0]
 [123   0]]
[[124   0]
 [132   0]]
[[129   0]
 [127   0]]
[[141   0]
 [115   0]]
[[129   0]
 [127   0]]
[[59  0]
 [60  0]]
[[131   0]
 [125   0]]
[[132   0]
 [124   0]]
[[141   0]
 [115   0]]
[[130   0]
 [126   0]]
[[128   0]
 [128   0]]
[[142   0]
 [114   0]]
[[128   0]
 [128   0]]
[[118   0]
 [138   0]]
[[121   0]
 [135   0]]
[[130   0]
 [126   0]]
[[131   0]
 [125   0]]
[[61  0]
 [58  0]]
[[124   0]
 [132   0]]
[[127   0]
 [129   0]]
[[130   0]
 [126   0]]
[[131   0]
 [125   0]]
[[126   0]
 [130   0]]
[[126   0]
 [130   0]]
[[131   0]
 [125   0]]
[[129   0]
 [127   0]]
[[124   0]
 [132   0]]
[[133   0]
 [123   0]]
[[150   0]
 [106   0]]
[[62  0]
 [57  0]]
[[123   0]
 [133   0]]
[[135   0]
 [121   0]]
[[133   0]
 [123   0]]
[[122   0]
 [134   0]]
[[129   0]
 [127   0]]
[[142   0]
 [114   0]]
[[126   0]
 [130   0]]
[[127   0]
 [129   0]]
[[136   0]
 [120   0]]
[[141   0]
 [115   0]]
[[119   0]
 [137   0]]
[[60  0]
 [59  0]]
[[132   0]
 [124   0]]
[[129   0]
 [127   0]]
[[117   0]
 [139   0]]
[[121   0]
 [135   0]]
[[135   0]
 [121   0]]
[[127   0]
 [129   0]]
[[128   0]
 [128   0]]
[[133   0]
 [123   0]]
[[139   0]
 [117   0]]
[[129   0]
 [127   0]]
[[137   0]
 [119   0]]
[[66  0]
 [53  0]]
[[119   0]
 [137   0]]
[[127   0]
 [129   0]]
[[133   0]
 [123   0]]
[[132   0]
 [124   0]]
[[119   0]
 [137   0]]
[[125   0]
 [131   0]]
[[137   0]
 [119   0]]
[[138   0]
 [118   0]]
[[131   0]
 [125   0]]
[[138   0]
 [118   0]]
[[132   0]
 [124   0]]
[[62  0]
 [57  0]]
[[131   0]
 [125   0]]
[[138   0]
 [118   0]]
[[128   0]
 [128   0]]
[[138   0]
 [118   0]]
[[137   0]
 [119   0]]
[[125   0]
 [131   0]]
[[133   0]
 [123   0]]
[[127   0]
 [129   0]]
[[127   0]
 [129   0]]
[[120   0]
 [136   0]]
[[122   0]
 [134   0]]
[[67  0]
 [52  0]]
[[142   0]
 [114   0]]
[[142   0]
 [114   0]]
[[129   0]
 [127   0]]
[[127   0]
 [129   0]]
[[122   0]
 [134   0]]
[[130   0]
 [126   0]]
[[124   0]
 [132   0]]
[[131   0]
 [125   0]]
[[129   0]
 [127   0]]
[[133   0]
 [123   0]]
[[125   0]
 [131   0]]
[[59  0]
 [60  0]]
[[112   0]
 [144   0]]
[[123   0]
 [133   0]]
[[138   0]
 [118   0]]
[[124   0]
 [132   0]]
[[125   0]
 [131   0]]
[[144   0]
 [112   0]]
[[136   0]
 [120   0]]
[[134   0]
 [122   0]]
[[140   0]
 [116   0]]
[[131   0]
 [125   0]]
[[124   0]
 [132   0]]
[[62  0]
 [57  0]]
[[131   0]
 [124   1]]
[[134   0]
 [122   0]]
[[125   0]
 [131   0]]
[[123   0]
 [133   0]]
[[132   0]
 [124   0]]
[[131   0]
 [125   0]]
[[124   0]
 [132   0]]
[[140   0]
 [116   0]]
[[135   0]
 [121   0]]
[[129   0]
 [127   0]]
[[130   0]
 [126   0]]
[[59  0]
 [60  0]]
[[134   0]
 [122   0]]
[[141   0]
 [115   0]]
[[136   0]
 [120   0]]
[[121   0]
 [134   1]]
[[118   0]
 [138   0]]
[[125   0]
 [130   1]]
[[122   0]
 [134   0]]
[[140   0]
 [115   1]]
[[131   0]
 [125   0]]
[[135   0]
 [121   0]]
[[127   0]
 [128   1]]
[[63  0]
 [56  0]]
[[127   0]
 [129   0]]
[[114   0]
 [140   2]]
[[136   0]
 [120   0]]
[[132   0]
 [124   0]]
[[119   0]
 [136   1]]
[[140   0]
 [115   1]]
[[137   0]
 [118   1]]
[[121   0]
 [135   0]]
[[139   0]
 [117   0]]
[[131   0]
 [125   0]]
[[136   0]
 [118   2]]
[[61  0]
 [58  0]]
[[128   0]
 [123   5]]
[[144   0]
 [110   2]]
[[127   0]
 [125   4]]
[[130   0]
 [125   1]]
[[133   0]
 [120   3]]
[[132   0]
 [122   2]]
[[141   0]
 [112   3]]
[[126   0]
 [126   4]]
[[120   1]
 [132   3]]
[[129   0]
 [121   6]]
[[125   0]
 [129   2]]
[[57  0]
 [61  1]]
[[151   0]
 [104   1]]
[[141   0]
 [115   0]]
[[126   0]
 [128   2]]
[[121   0]
 [134   1]]
[[130   0]
 [123   3]]
[[124   0]
 [131   1]]
[[128   0]
 [128   0]]
[[131   0]
 [125   0]]
[[121   0]
 [132   3]]
[[126   0]
 [127   3]]
[[141   0]
 [114   1]]
[[53  0]
 [63  3]]
[[137   0]
 [103  16]]
[[135   0]
 [109  12]]
[[138   0]
 [108  10]]
[[119   0]
 [124  13]]
[[135   0]
 [106  15]]
[[117   0]
 [121  18]]
[[131   1]
 [102  22]]
[[142   0]
 [104  10]]
[[131   0]
 [111  14]]
[[130   0]
 [107  19]]
[[125   0]
 [114  17]]
[[52  0]
 [62  5]]
[[135   0]
 [106  15]]
[[124   0]
 [107  25]]
[[150   0]
 [ 91  15]]
[[112   0]
 [124  20]]
[[122   0]
 [111  23]]
[[131   0]
 [107  18]]
[[129   0]
 [102  25]]
[[136   0]
 [108  12]]
[[131   0]
 [109  16]]
[[131   1]
 [115   9]]
[[135   0]
 [110  11]]
[[56  0]
 [58  5]]
[[115   0]
 [121  20]]
[[139   0]
 [108   9]]
[[135   1]
 [107  13]]
[[128   0]
 [110  18]]
[[121   0]
 [116  19]]
[[152   0]
 [ 85  19]]
[[115   0]
 [126  15]]
[[130   0]
 [111  15]]
[[140   0]
 [101  15]]
[[131   0]
 [111  14]]
[[126   0]
 [117  13]]
[[60  0]
 [49 10]]
[[120   0]
 [113  23]]
[[135   0]
 [ 89  32]]
[[139   0]
 [ 91  26]]
[[128   0]
 [104  24]]
[[130   0]
 [101  25]]
[[126   1]
 [109  20]]
[[134   0]
 [108  14]]
[[109   0]
 [112  35]]
[[134   0]
 [ 91  31]]
[[138   0]
 [ 95  23]]
[[136   0]
 [ 96  24]]
[[63  0]
 [44 12]]
[[124   0]
 [ 99  33]]
[[120   0]
 [107  29]]
[[132   0]
 [ 92  32]]
[[125   0]
 [104  27]]
[[134   1]
 [ 90  31]]
[[123   0]
 [104  29]]
[[140   0]
 [ 84  32]]
[[124   0]
 [105  27]]
[[143   0]
 [ 87  26]]
[[141   0]
 [ 78  37]]
[[122   0]
 [100  34]]
[[64  0]
 [40 15]]
[[134   0]
 [ 72  50]]
[[128   0]
 [ 80  48]]
[[113   0]
 [ 93  50]]
[[117   0]
 [ 86  53]]
[[135   0]
 [ 78  43]]
[[133   1]
 [ 81  41]]
[[137   0]
 [ 72  47]]
[[137   1]
 [ 77  41]]
[[132   0]
 [ 76  48]]
[[131   0]
 [ 80  45]]
[[130   0]
 [ 82  44]]
[[64  0]
 [37 18]]
[[120   0]
 [ 66  70]]
[[119   1]
 [ 65  71]]
[[135   0]
 [ 57  64]]
[[138   0]
 [ 64  54]]
[[126   1]
 [ 61  68]]
[[137   0]
 [ 81  38]]
[[131   0]
 [ 58  67]]
[[116   1]
 [ 71  68]]
[[138   0]
 [ 62  56]]
[[144   0]
 [ 65  47]]
[[121   1]
 [ 61  73]]
[[64  0]
 [29 26]]
[[140   1]
 [ 79  36]]
[[141   0]
 [ 73  42]]
[[115   0]
 [ 94  47]]
[[127   0]
 [ 79  50]]
[[130   0]
 [ 82  44]]
[[124   0]
 [ 89  43]]
[[135   1]
 [ 83  37]]
[[120   0]
 [ 89  47]]
[[114   0]
 [ 95  47]]
[[133   0]
 [ 76  47]]
[[138   0]
 [ 70  48]]
[[74  0]
 [30 15]]
[[139   0]
 [ 59  58]]
[[116   1]
 [ 73  66]]
[[128   0]
 [ 66  62]]
[[129   0]
 [ 71  56]]
[[136   0]
 [ 71  49]]
[[126   0]
 [ 67  63]]
[[116   1]
 [ 78  61]]
[[123   0]
 [ 72  61]]
[[140   0]
 [ 60  56]]
[[133   1]
 [ 58  64]]
[[142   0]
 [ 65  49]]
[[62  0]
 [30 27]]
[[146   0]
 [ 58  52]]
[[125   0]
 [ 65  66]]
[[140   0]
 [ 66  50]]
[[124   1]
 [ 75  56]]
[[126   0]
 [ 61  69]]
[[131   0]
 [ 64  61]]
[[137   0]
 [ 66  53]]
[[114   1]
 [ 74  67]]
[[136   0]
 [ 63  57]]
[[137   0]
 [ 68  51]]
[[120   0]
 [ 74  62]]
[[55  0]
 [36 28]]
[[129   1]
 [ 58  68]]
[[130   0]
 [ 55  71]]
[[126   0]
 [ 72  58]]
[[120   0]
 [ 66  70]]
[[139   0]
 [ 63  54]]
[[137   2]
 [ 54  63]]
[[139   0]
 [ 54  63]]
[[122   0]
 [ 67  67]]
[[133   0]
 [ 61  62]]
[[126   1]
 [ 59  70]]
[[132   0]
 [ 54  70]]
[[56  0]
 [30 33]]
[[121   0]
 [ 40  95]]
[[141   0]
 [ 36  79]]
[[125   0]
 [ 60  71]]
[[132   2]
 [ 51  71]]
[[122   2]
 [ 56  76]]
[[126   0]
 [ 53  77]]
[[136   0]
 [ 46  74]]
[[134   0]
 [ 57  65]]
[[126   0]
 [ 54  76]]
[[138   1]
 [ 52  65]]
[[125   0]
 [ 56  75]]
[[62  0]
 [29 28]]
[[141   0]
 [ 46  69]]
[[120   0]
 [ 56  80]]
[[143   0]
 [ 47  66]]
[[120   0]
 [ 57  79]]
[[136   0]
 [ 50  70]]
[[131   0]
 [ 56  69]]
[[129   0]
 [ 63  64]]
[[127   1]
 [ 53  75]]
[[136   1]
 [ 49  70]]
[[114   0]
 [ 61  81]]
[[138   2]
 [ 56  60]]
[[54  0]
 [35 30]]
[[146   0]
 [ 42  68]]
[[128   1]
 [ 56  71]]
[[131   0]
 [ 64  61]]
[[128   0]
 [ 57  71]]
[[141   1]
 [ 48  66]]
[[110   0]
 [ 59  87]]
[[132   0]
 [ 47  77]]
[[126   0]
 [ 58  72]]
[[125   1]
 [ 56  74]]
[[125   0]
 [ 60  71]]
[[133   0]
 [ 56  67]]
[[64  1]
 [22 32]]
[[133   0]
 [ 60  63]]
[[127   0]
 [ 51  78]]
[[138   1]
 [ 58  59]]
[[140   0]
 [ 48  68]]
[[123   1]
 [ 67  65]]
[[132   1]
 [ 61  62]]
[[120   0]
 [ 58  78]]
[[137   0]
 [ 63  56]]
[[128   0]
 [ 67  61]]
[[116   1]
 [ 60  79]]
[[128   0]
 [ 59  69]]
[[67  0]
 [23 29]]
[[132   0]
 [ 58  66]]
[[139   0]
 [ 57  60]]
[[119   0]
 [ 67  70]]
[[116   0]
 [ 64  76]]
[[136   0]
 [ 63  57]]
[[130   1]
 [ 62  63]]
[[125   1]
 [ 62  68]]
[[131   0]
 [ 62  63]]
[[134   0]
 [ 61  61]]
[[138   0]
 [ 57  61]]
[[129   0]
 [ 63  64]]
[[62  0]
 [28 29]]
GNN(
  (fc): ModuleList(
    (0): Linear(1024, 1024, bias=True)
    (1): Linear(1024, 512, bias=True)
    (2): Linear(512, 512, bias=True)
    (3): Linear(512, 256, bias=True)
    (4): Linear(256, 256, bias=True)
    (5): Linear(256, 256, bias=True)
  )
  (input_encoder): Sequential(
    (0): Linear(in_features=3, out_features=16, bias=True)
    (1): Identity()
  )
  (layers): ModuleList(
    (0): GCNConv(16, 1024)
    (1): LeakyReLU(negative_slope=0.01)
    (2): LayerNorm(1024, mode=graph)
  )
  (pred_layer): Linear(256, 1, bias=True)
)
Number of samples used: 30379
Number of samples used: 30379, with label: sex
Original Distrubution: [11415, 10595, 2254, 2148, 1493, 1442]
[[130   0]
 [126   0]]
[[111   0]
 [145   0]]
[[139   0]
 [117   0]]
[[128   0]
 [128   0]]
[[141   0]
 [115   0]]
[[125   0]
 [131   0]]
[[133   0]
 [123   0]]
[[141   0]
 [115   0]]
[[132   0]
 [124   0]]
[[132   0]
 [124   0]]
[[121   0]
 [135   0]]
[[60  0]
 [59  0]]
[[132   0]
 [124   0]]
[[138   0]
 [118   0]]
[[126   0]
 [130   0]]
[[132   0]
 [124   0]]
[[127   0]
 [129   0]]
[[136   0]
 [120   0]]
[[138   0]
 [118   0]]
[[131   0]
 [125   0]]
[[123   0]
 [133   0]]
[[129   0]
 [127   0]]
[[120   0]
 [136   0]]
[[61  0]
 [58  0]]
[[137   0]
 [119   0]]
[[142   0]
 [114   0]]
[[120   0]
 [136   0]]
[[139   0]
 [117   0]]
[[131   0]
 [125   0]]
[[126   0]
 [130   0]]
[[112   0]
 [144   0]]
[[124   0]
 [132   0]]
[[139   0]
 [117   0]]
[[125   0]
 [131   0]]
[[135   0]
 [121   0]]
[[63  0]
 [56  0]]
[[135   0]
 [121   0]]
[[130   0]
 [126   0]]
[[125   0]
 [131   0]]
[[124   0]
 [132   0]]
[[129   0]
 [127   0]]
[[120   0]
 [136   0]]
[[132   0]
 [124   0]]
[[131   0]
 [125   0]]
[[123   0]
 [133   0]]
[[154   0]
 [102   0]]
[[133   0]
 [123   0]]
[[57  0]
 [62  0]]
[[128   0]
 [128   0]]
[[137   0]
 [119   0]]
[[118   0]
 [138   0]]
[[124   0]
 [132   0]]
[[130   0]
 [126   0]]
[[122   0]
 [134   0]]
[[140   0]
 [116   0]]
[[142   0]
 [114   0]]
[[129   0]
 [127   0]]
[[120   0]
 [136   0]]
[[141   0]
 [115   0]]
[[62  0]
 [57  0]]
[[128   0]
 [128   0]]
[[130   0]
 [126   0]]
[[136   0]
 [120   0]]
[[128   0]
 [128   0]]
[[130   0]
 [126   0]]
[[131   0]
 [125   0]]
[[147   0]
 [109   0]]
[[135   0]
 [121   0]]
[[122   0]
 [134   0]]
[[118   0]
 [138   0]]
[[125   0]
 [131   0]]
[[63  0]
 [56  0]]
[[122   0]
 [134   0]]
[[137   0]
 [119   0]]
[[138   0]
 [118   0]]
[[125   0]
 [131   0]]
[[123   0]
 [133   0]]
[[135   0]
 [121   0]]
[[135   0]
 [121   0]]
[[120   0]
 [136   0]]
[[129   0]
 [127   0]]
[[134   0]
 [122   0]]
[[130   0]
 [126   0]]
[[65  0]
 [54  0]]
[[133   0]
 [123   0]]
[[137   0]
 [119   0]]
[[126   0]
 [130   0]]
[[141   0]
 [115   0]]
[[128   0]
 [128   0]]
[[141   0]
 [115   0]]
[[121   0]
 [135   0]]
[[130   0]
 [126   0]]
[[129   0]
 [127   0]]
[[123   0]
 [133   0]]
[[124   0]
 [132   0]]
[[60  0]
 [59  0]]
[[134   0]
 [122   0]]
[[132   0]
 [124   0]]
[[140   0]
 [116   0]]
[[128   0]
 [128   0]]
[[130   0]
 [126   0]]
[[121   0]
 [135   0]]
[[136   0]
 [120   0]]
[[119   0]
 [137   0]]
[[131   0]
 [125   0]]
[[124   0]
 [132   0]]
[[137   0]
 [119   0]]
[[61  0]
 [58  0]]
[[147   0]
 [109   0]]
[[140   0]
 [116   0]]
[[128   0]
 [128   0]]
[[132   0]
 [124   0]]
[[146   0]
 [110   0]]
[[121   0]
 [135   0]]
[[124   0]
 [132   0]]
[[133   0]
 [123   0]]
[[121   0]
 [135   0]]
[[122   0]
 [134   0]]
[[122   0]
 [134   0]]
[[57  0]
 [62  0]]
[[135   0]
 [121   0]]
[[109   0]
 [147   0]]
[[124   0]
 [132   0]]
[[131   0]
 [125   0]]
[[133   0]
 [123   0]]
[[134   0]
 [122   0]]
[[137   0]
 [119   0]]
[[130   0]
 [126   0]]
[[133   0]
 [123   0]]
[[131   0]
 [125   0]]
[[129   0]
 [127   0]]
[[67  0]
 [52  0]]
[[110   0]
 [146   0]]
[[125   0]
 [131   0]]
[[132   0]
 [124   0]]
[[130   0]
 [126   0]]
[[132   0]
 [124   0]]
[[137   0]
 [119   0]]
[[134   0]
 [122   0]]
[[130   0]
 [126   0]]
[[129   0]
 [127   0]]
[[144   0]
 [112   0]]
[[133   0]
 [123   0]]
[[57  0]
 [62  0]]
[[122   0]
 [134   0]]
[[128   0]
 [128   0]]
[[129   0]
 [127   0]]
[[118   0]
 [138   0]]
[[125   0]
 [131   0]]
[[137   0]
 [119   0]]
[[133   0]
 [123   0]]
[[143   0]
 [113   0]]
[[129   0]
 [127   0]]
[[142   0]
 [114   0]]
[[129   0]
 [127   0]]
[[58  0]
 [61  0]]
[[121   0]
 [135   0]]
[[118   0]
 [138   0]]
[[122   0]
 [134   0]]
[[131   0]
 [125   0]]
[[143   0]
 [113   0]]
[[132   0]
 [124   0]]
[[127   0]
 [129   0]]
[[141   0]
 [115   0]]
[[127   0]
 [129   0]]
[[129   0]
 [127   0]]
[[143   0]
 [113   0]]
[[59  0]
 [60  0]]
[[133   0]
 [123   0]]
[[137   0]
 [119   0]]
[[125   0]
 [131   0]]
[[140   0]
 [116   0]]
[[136   0]
 [120   0]]
[[124   0]
 [132   0]]
[[122   0]
 [134   0]]
[[134   0]
 [122   0]]
[[118   0]
 [138   0]]
[[135   0]
 [121   0]]
[[123   0]
 [133   0]]
[[66  0]
 [53  0]]
[[130   0]
 [126   0]]
[[142   0]
 [114   0]]
[[117   0]
 [139   0]]
[[120   0]
 [136   0]]
[[136   0]
 [120   0]]
[[135   0]
 [121   0]]
[[130   0]
 [126   0]]
[[131   0]
 [125   0]]
[[142   0]
 [114   0]]
[[129   0]
 [127   0]]
[[123   0]
 [133   0]]
[[58  0]
 [61  0]]
[[137   0]
 [119   0]]
[[130   0]
 [126   0]]
[[141   0]
 [115   0]]
[[131   0]
 [125   0]]
[[127   0]
 [129   0]]
[[133   0]
 [123   0]]
[[125   0]
 [131   0]]
[[137   0]
 [119   0]]
[[129   0]
 [127   0]]
[[137   0]
 [119   0]]
[[109   0]
 [147   0]]
[[57  0]
 [62  0]]
[[142   0]
 [114   0]]
[[114   0]
 [142   0]]
[[139   0]
 [117   0]]
[[136   0]
 [120   0]]
[[122   0]
 [134   0]]
[[121   0]
 [135   0]]
[[126   0]
 [130   0]]
[[138   0]
 [118   0]]
[[143   0]
 [113   0]]
[[108   0]
 [148   0]]
[[145   0]
 [111   0]]
[[59  0]
 [60  0]]
[[130   0]
 [126   0]]
[[130   0]
 [126   0]]
[[139   0]
 [117   0]]
[[127   0]
 [129   0]]
[[129   0]
 [127   0]]
[[105   0]
 [151   0]]
[[141   0]
 [115   0]]
[[130   0]
 [126   0]]
[[123   0]
 [133   0]]
[[138   0]
 [118   0]]
[[141   0]
 [115   0]]
[[60  0]
 [59  0]]
[[131   0]
 [125   0]]
[[147   0]
 [109   0]]
[[132   0]
 [124   0]]
[[139   0]
 [117   0]]
[[129   0]
 [127   0]]
[[128   0]
 [128   0]]
[[124   0]
 [132   0]]
[[125   0]
 [131   0]]
[[124   0]
 [132   0]]
[[131   0]
 [125   0]]
[[125   0]
 [131   0]]
[[58  0]
 [61  0]]
[[134   0]
 [122   0]]
[[132   0]
 [124   0]]
[[124   0]
 [132   0]]
[[120   0]
 [136   0]]
[[141   0]
 [115   0]]
[[131   0]
 [125   0]]
[[125   0]
 [131   0]]
[[122   0]
 [134   0]]
[[130   0]
 [126   0]]
[[135   0]
 [121   0]]
[[139   0]
 [117   0]]
[[60  0]
 [59  0]]
[[122   0]
 [134   0]]
[[144   0]
 [112   0]]
[[127   0]
 [129   0]]
[[140   0]
 [116   0]]
[[115   0]
 [141   0]]
[[131   0]
 [125   0]]
[[129   0]
 [127   0]]
[[139   0]
 [117   0]]
[[138   0]
 [118   0]]
[[124   0]
 [132   0]]
[[122   0]
 [134   0]]
[[62  0]
 [57  0]]
[[130   0]
 [126   0]]
[[128   0]
 [128   0]]
[[128   0]
 [128   0]]
[[154   0]
 [102   0]]
[[124   0]
 [132   0]]
[[132   0]
 [124   0]]
[[120   0]
 [136   0]]
[[126   0]
 [130   0]]
[[126   0]
 [130   0]]
[[134   0]
 [122   0]]
[[128   0]
 [128   0]]
[[63  0]
 [56  0]]
[[124   0]
 [132   0]]
[[124   0]
 [132   0]]
[[133   0]
 [123   0]]
[[136   0]
 [120   0]]
[[140   0]
 [116   0]]
[[133   0]
 [123   0]]
[[130   0]
 [126   0]]
[[132   0]
 [124   0]]
[[136   0]
 [120   0]]
[[127   0]
 [129   0]]
[[122   0]
 [134   0]]
[[56  0]
 [63  0]]
[[133   0]
 [123   0]]
[[117   0]
 [139   0]]
[[134   0]
 [122   0]]
[[139   0]
 [117   0]]
[[138   0]
 [118   0]]
[[132   0]
 [124   0]]
[[136   0]
 [120   0]]
[[125   0]
 [131   0]]
[[121   0]
 [135   0]]
[[124   0]
 [132   0]]
[[137   0]
 [119   0]]
[[57  0]
 [62  0]]
[[124   0]
 [132   0]]
[[123   0]
 [133   0]]
[[115   0]
 [141   0]]
[[135   0]
 [121   0]]
[[148   0]
 [108   0]]
[[129   0]
 [127   0]]
[[132   0]
 [124   0]]
[[125   0]
 [131   0]]
[[127   0]
 [129   0]]
[[127   0]
 [129   0]]
[[142   0]
 [114   0]]
[[66  0]
 [53  0]]
[[136   0]
 [120   0]]
[[127   0]
 [129   0]]
[[134   0]
 [122   0]]
[[138   0]
 [118   0]]
[[127   0]
 [129   0]]
[[122   0]
 [134   0]]
[[129   0]
 [127   0]]
[[130   0]
 [126   0]]
[[137   0]
 [119   0]]
[[126   0]
 [130   0]]
[[124   0]
 [132   0]]
[[63  0]
 [56  0]]
[[127   0]
 [129   0]]
[[134   0]
 [122   0]]
[[123   0]
 [133   0]]
[[123   0]
 [133   0]]
[[115   0]
 [141   0]]
[[131   0]
 [125   0]]
[[136   0]
 [120   0]]
[[130   0]
 [126   0]]
[[138   0]
 [118   0]]
[[134   0]
 [122   0]]
[[138   0]
 [118   0]]
[[64  0]
 [55  0]]
[[135   0]
 [121   0]]
[[125   0]
 [131   0]]
[[122   0]
 [134   0]]
[[125   0]
 [131   0]]
[[136   0]
 [120   0]]
[[147   0]
 [109   0]]
[[128   0]
 [128   0]]
[[137   0]
 [119   0]]
[[130   0]
 [126   0]]
[[122   0]
 [134   0]]
[[123   0]
 [133   0]]
[[63  0]
 [56  0]]
[[143   0]
 [113   0]]
[[147   0]
 [109   0]]
[[123   0]
 [133   0]]
[[139   0]
 [117   0]]
[[132   0]
 [124   0]]
[[133   0]
 [123   0]]
[[133   0]
 [123   0]]
[[118   0]
 [138   0]]
[[132   0]
 [124   0]]
[[125   0]
 [131   0]]
[[111   0]
 [145   0]]
[[57  0]
 [62  0]]
GNN(
  (fc): ModuleList(
    (0): Linear(1024, 512, bias=True)
    (1): Linear(512, 512, bias=True)
    (2): Linear(512, 256, bias=True)
    (3): Linear(256, 256, bias=True)
    (4): Linear(256, 256, bias=True)
  )
  (layers): ModuleList(
    (0): SAGEConv(3, 1024, aggr=mean)
    (1): LeakyReLU(negative_slope=0.01)
    (2): LayerNorm(1024, mode=graph)
    (3): SAGEConv(1024, 1024, aggr=mean)
    (4): LeakyReLU(negative_slope=0.01)
    (5): LayerNorm(1024, mode=graph)
  )
  (pred_layer): Linear(256, 1, bias=True)
)
Number of samples used: 30379
Number of samples used: 30379, with label: sex
Original Distrubution: [11415, 10595, 2254, 2148, 1493, 1442]
[[39  0]
 [ 0 25]]
[[33  0]
 [ 0 31]]
[[30  0]
 [ 0 34]]
[[33  0]
 [ 0 31]]
[[33  0]
 [ 1 30]]
[[31  0]
 [ 0 33]]
[[37  0]
 [ 0 27]]
[[30  0]
 [ 0 34]]
[[37  1]
 [ 0 26]]
[[40  1]
 [ 1 22]]
[[26  0]
 [ 1 37]]
[[34  0]
 [ 0 30]]
[[37  0]
 [ 0 27]]
[[34  0]
 [ 0 30]]
[[35  0]
 [ 0 29]]
[[33  0]
 [ 0 31]]
[[33  0]
 [ 0 31]]
[[34  0]
 [ 0 30]]
[[36  0]
 [ 0 28]]
[[28  1]
 [ 0 35]]
[[37  0]
 [ 0 27]]
[[27  0]
 [ 0 37]]
[[28  0]
 [ 0 36]]
[[34  1]
 [ 0 29]]
[[25  0]
 [ 0 39]]
[[31  1]
 [ 0 32]]
[[32  0]
 [ 0 32]]
[[39  0]
 [ 0 25]]
[[34  0]
 [ 0 30]]
[[28  1]
 [ 0 35]]
[[30  0]
 [ 0 34]]
[[36  0]
 [ 0 28]]
[[31  0]
 [ 1 32]]
[[33  0]
 [ 0 31]]
[[32  1]
 [ 0 31]]
[[30  0]
 [ 0 34]]
[[24  0]
 [ 0 40]]
[[24  0]
 [ 0 40]]
[[33  0]
 [ 0 31]]
[[35  1]
 [ 0 28]]
[[33  0]
 [ 0 31]]
[[36  0]
 [ 1 27]]
[[27  1]
 [ 0 36]]
[[31  0]
 [ 0 33]]
[[35  0]
 [ 0 29]]
[[26  0]
 [ 0 29]]
[[34  0]
 [ 0 30]]
[[32  0]
 [ 0 32]]
[[37  1]
 [ 0 26]]
[[33  0]
 [ 0 31]]
[[37  0]
 [ 0 27]]
[[39  0]
 [ 0 25]]
[[37  0]
 [ 1 26]]
[[28  0]
 [ 0 36]]
[[30  0]
 [ 0 34]]
[[34  0]
 [ 0 30]]
[[23  0]
 [ 0 41]]
[[27  0]
 [ 1 36]]
[[33  0]
 [ 1 30]]
[[32  1]
 [ 0 31]]
[[32  0]
 [ 0 32]]
[[31  0]
 [ 0 33]]
[[34  0]
 [ 0 30]]
[[30  1]
 [ 0 33]]
[[29  0]
 [ 0 35]]
[[27  0]
 [ 0 37]]
[[32  0]
 [ 0 32]]
[[35  1]
 [ 0 28]]
[[36  0]
 [ 0 28]]
[[33  1]
 [ 0 30]]
[[32  1]
 [ 0 31]]
[[33  0]
 [ 0 31]]
[[36  0]
 [ 0 28]]
[[27  0]
 [ 0 37]]
[[34  0]
 [ 0 30]]
[[30  0]
 [ 0 34]]
[[30  1]
 [ 0 33]]
[[25  1]
 [ 0 38]]
[[33  0]
 [ 0 31]]
[[30  0]
 [ 0 34]]
[[31  0]
 [ 1 32]]
[[33  0]
 [ 0 31]]
[[33  0]
 [ 0 31]]
[[30  0]
 [ 0 34]]
[[35  0]
 [ 0 29]]
[[32  0]
 [ 0 32]]
[[33  0]
 [ 0 31]]
[[36  0]
 [ 0 28]]
[[41  0]
 [ 0 23]]
[[32  0]
 [ 1 31]]
[[32  1]
 [ 0 31]]
[[31  0]
 [ 0 24]]
[[40  0]
 [ 0 24]]
[[29  1]
 [ 0 34]]
[[37  0]
 [ 0 27]]
[[27  0]
 [ 0 37]]
[[33  0]
 [ 0 31]]
[[35  0]
 [ 0 29]]
[[25  0]
 [ 0 39]]
[[36  0]
 [ 0 28]]
[[38  0]
 [ 1 25]]
[[31  0]
 [ 1 32]]
[[30  0]
 [ 0 34]]
[[34  0]
 [ 0 30]]
[[37  1]
 [ 0 26]]
[[32  0]
 [ 0 32]]
[[35  0]
 [ 0 29]]
[[31  0]
 [ 0 33]]
[[31  2]
 [ 0 31]]
[[33  1]
 [ 1 29]]
[[30  0]
 [ 1 33]]
[[32  0]
 [ 0 32]]
[[32  0]
 [ 0 32]]
[[33  0]
 [ 0 31]]
[[35  0]
 [ 0 29]]
[[35  0]
 [ 0 29]]
[[24  0]
 [ 0 40]]
[[36  0]
 [ 0 28]]
[[35  0]
 [ 0 29]]
[[32  0]
 [ 0 32]]
[[29  1]
 [ 0 34]]
[[31  0]
 [ 0 33]]
[[31  1]
 [ 0 32]]
[[24  0]
 [ 0 40]]
[[23  0]
 [ 0 41]]
[[40  0]
 [ 0 24]]
[[34  0]
 [ 0 30]]
[[35  2]
 [ 0 27]]
[[46  0]
 [ 0 18]]
[[34  0]
 [ 0 30]]
[[26  0]
 [ 1 37]]
[[30  0]
 [ 0 34]]
[[34  0]
 [ 0 30]]
[[35  0]
 [ 0 29]]
[[31  0]
 [ 0 33]]
[[24  0]
 [ 0 40]]
[[38  0]
 [ 0 26]]
[[21  0]
 [ 0 34]]
[[33  0]
 [ 0 31]]
[[30  0]
 [ 0 34]]
[[36  0]
 [ 0 28]]
[[38  0]
 [ 0 26]]
[[34  0]
 [ 0 30]]
[[30  1]
 [ 0 33]]
[[40  0]
 [ 0 24]]
[[32  0]
 [ 0 32]]
[[31  1]
 [ 0 32]]
[[31  1]
 [ 0 32]]
[[28  0]
 [ 0 36]]
[[30  0]
 [ 1 33]]
[[31  0]
 [ 0 33]]
[[29  0]
 [ 1 34]]
[[32  0]
 [ 0 32]]
[[31  1]
 [ 0 32]]
[[38  0]
 [ 0 26]]
[[31  1]
 [ 0 32]]
[[31  0]
 [ 0 33]]
[[27  1]
 [ 0 36]]
[[32  0]
 [ 0 32]]
[[36  0]
 [ 0 28]]
[[32  1]
 [ 0 31]]
[[27  0]
 [ 0 37]]
[[24  0]
 [ 0 40]]
[[32  0]
 [ 0 32]]
[[31  0]
 [ 1 32]]
[[27  0]
 [ 0 37]]
[[30  1]
 [ 1 32]]
[[31  0]
 [ 0 33]]
[[36  0]
 [ 0 28]]
[[33  0]
 [ 0 31]]
[[36  0]
 [ 0 28]]
[[34  0]
 [ 0 30]]
[[38  0]
 [ 0 26]]
[[34  0]
 [ 1 29]]
[[25  0]
 [ 0 39]]
[[39  0]
 [ 0 25]]
[[37  0]
 [ 0 27]]
[[36  0]
 [ 0 28]]
[[35  0]
 [ 0 29]]
[[32  0]
 [ 0 32]]
[[30  1]
 [ 0 33]]
[[36  0]
 [ 0 28]]
[[30  0]
 [ 0 34]]
[[28  0]
 [ 0 27]]
[[32  0]
 [ 0 32]]
[[34  0]
 [ 0 30]]
[[37  0]
 [ 0 27]]
[[35  0]
 [ 0 29]]
[[32  0]
 [ 0 32]]
[[34  0]
 [ 0 30]]
[[32  0]
 [ 0 32]]
[[37  2]
 [ 0 25]]
[[34  0]
 [ 0 30]]
[[26  1]
 [ 0 37]]
[[36  0]
 [ 0 28]]
[[38  1]
 [ 0 25]]
[[33  0]
 [ 0 31]]
[[42  1]
 [ 0 21]]
[[32  0]
 [ 0 32]]
[[28  0]
 [ 0 36]]
[[29  0]
 [ 0 35]]
[[32  0]
 [ 0 32]]
[[32  0]
 [ 1 31]]
[[31  0]
 [ 1 32]]
[[29  0]
 [ 0 35]]
[[23  0]
 [ 0 41]]
[[32  0]
 [ 0 32]]
[[30  0]
 [ 0 34]]
[[32  1]
 [ 0 31]]
[[30  0]
 [ 0 34]]
[[33  0]
 [ 1 30]]
[[29  0]
 [ 1 34]]
[[33  0]
 [ 0 31]]
[[35  0]
 [ 0 29]]
[[30  0]
 [ 0 34]]
[[39  1]
 [ 0 24]]
[[36  0]
 [ 0 28]]
[[29  0]
 [ 0 35]]
[[35  0]
 [ 0 29]]
[[36  0]
 [ 0 28]]
[[34  0]
 [ 0 30]]
[[29  0]
 [ 0 35]]
[[33  0]
 [ 1 30]]
[[37  0]
 [ 0 27]]
[[38  0]
 [ 0 26]]
[[28  0]
 [ 0 36]]
[[34  1]
 [ 0 29]]
[[28  1]
 [ 0 35]]
[[23  0]
 [ 0 41]]
[[23  0]
 [ 0 32]]
[[20  0]
 [ 0 44]]
[[33  0]
 [ 0 31]]
[[35  0]
 [ 0 29]]
[[33  0]
 [ 0 31]]
[[34  0]
 [ 0 30]]
[[31  1]
 [ 0 32]]
[[22  0]
 [ 0 42]]
[[36  0]
 [ 1 27]]
[[33  1]
 [ 0 30]]
[[30  0]
 [ 0 34]]
[[27  0]
 [ 0 37]]
[[41  0]
 [ 0 23]]
[[21  0]
 [ 0 43]]
[[34  0]
 [ 0 30]]
[[37  0]
 [ 0 27]]
[[38  1]
 [ 0 25]]
[[41  0]
 [ 0 23]]
[[43  0]
 [ 1 20]]
[[31  0]
 [ 0 33]]
[[26  0]
 [ 0 38]]
[[29  1]
 [ 0 34]]
[[29  1]
 [ 0 34]]
[[30  0]
 [ 0 34]]
[[31  1]
 [ 1 31]]
[[34  0]
 [ 0 30]]
[[35  0]
 [ 0 29]]
[[29  0]
 [ 0 35]]
[[30  0]
 [ 0 34]]
[[37  0]
 [ 0 27]]
[[34  0]
 [ 0 30]]
[[31  0]
 [ 0 33]]
[[30  0]
 [ 1 33]]
[[33  0]
 [ 0 31]]
[[29  0]
 [ 0 35]]
[[32  0]
 [ 1 31]]
[[25  0]
 [ 0 39]]
[[28  1]
 [ 0 35]]
[[36  1]
 [ 0 27]]
[[35  0]
 [ 0 29]]
[[32  1]
 [ 0 31]]
[[36  0]
 [ 0 28]]
[[42  0]
 [ 0 22]]
[[27  0]
 [ 0 37]]
[[31  0]
 [ 0 33]]
[[40  0]
 [ 0 24]]
[[33  0]
 [ 0 22]]
[[35  0]
 [ 0 29]]
[[37  0]
 [ 0 27]]
[[32  1]
 [ 0 31]]
[[34  1]
 [ 0 29]]
[[38  0]
 [ 0 26]]
[[31  2]
 [ 0 31]]
[[27  1]
 [ 0 36]]
[[35  0]
 [ 0 29]]
[[28  0]
 [ 0 36]]
[[29  0]
 [ 0 35]]
[[27  0]
 [ 0 37]]
[[37  0]
 [ 0 27]]
[[24  0]
 [ 0 40]]
[[32  0]
 [ 0 32]]
[[32  0]
 [ 0 32]]
[[38  0]
 [ 0 26]]
[[35  0]
 [ 0 29]]
[[22  0]
 [ 1 41]]
[[38  0]
 [ 0 26]]
[[32  0]
 [ 1 31]]
[[42  0]
 [ 0 22]]
[[31  0]
 [ 0 33]]
[[30  1]
 [ 1 32]]
[[37  0]
 [ 0 27]]
[[35  0]
 [ 0 29]]
[[31  0]
 [ 1 32]]
[[24  0]
 [ 0 40]]
[[32  1]
 [ 0 31]]
[[27  0]
 [ 0 37]]
[[35  0]
 [ 0 29]]
[[36  1]
 [ 0 27]]
[[31  0]
 [ 0 33]]
[[26  0]
 [ 0 38]]
[[36  0]
 [ 0 28]]
[[35  1]
 [ 0 28]]
[[38  0]
 [ 0 26]]
[[34  0]
 [ 0 30]]
[[33  0]
 [ 1 30]]
[[31  0]
 [ 0 33]]
[[35  0]
 [ 0 29]]
[[33  0]
 [ 0 31]]
[[32  0]
 [ 0 32]]
[[34  0]
 [ 0 30]]
[[33  0]
 [ 0 31]]
[[28  0]
 [ 0 36]]
[[22  0]
 [ 0 33]]
[[33  0]
 [ 0 31]]
[[33  0]
 [ 0 31]]
[[34  0]
 [ 0 30]]
[[29  0]
 [ 1 34]]
[[34  0]
 [ 0 30]]
[[30  0]
 [ 0 34]]
[[36  0]
 [ 0 28]]
[[37  0]
 [ 0 27]]
[[26  0]
 [ 0 38]]
[[39  0]
 [ 0 25]]
[[31  1]
 [ 0 32]]
[[30  0]
 [ 0 34]]
[[34  1]
 [ 0 29]]
[[26  1]
 [ 0 37]]
[[42  0]
 [ 0 22]]
[[32  0]
 [ 0 32]]
[[33  0]
 [ 0 31]]
[[31  0]
 [ 0 33]]
[[22  0]
 [ 0 42]]
[[24  1]
 [ 0 39]]
[[33  1]
 [ 0 30]]
[[37  0]
 [ 0 27]]
[[33  1]
 [ 1 29]]
[[26  0]
 [ 0 38]]
[[31  0]
 [ 0 33]]
[[27  0]
 [ 0 37]]
[[30  1]
 [ 1 32]]
[[32  0]
 [ 1 31]]
[[33  0]
 [ 0 31]]
[[28  1]
 [ 0 35]]
[[36  0]
 [ 0 28]]
[[29  0]
 [ 0 35]]
[[32  0]
 [ 0 32]]
[[22  0]
 [ 1 41]]
[[38  0]
 [ 0 26]]
[[37  0]
 [ 0 27]]
[[36  1]
 [ 0 27]]
[[34  0]
 [ 0 30]]
[[36  0]
 [ 0 28]]
[[37  0]
 [ 0 27]]
[[35  0]
 [ 0 29]]
[[34  0]
 [ 0 30]]
[[25  0]
 [ 0 39]]
[[42  0]
 [ 0 22]]
[[34  0]
 [ 0 30]]
[[31  0]
 [ 0 24]]
[[33  0]
 [ 0 31]]
[[34  0]
 [ 0 30]]
[[32  0]
 [ 0 32]]
[[33  0]
 [ 0 31]]
[[28  0]
 [ 0 36]]
[[25  1]
 [ 0 38]]
[[38  0]
 [ 0 26]]
[[32  0]
 [ 1 31]]
[[29  0]
 [ 0 35]]
[[29  0]
 [ 0 35]]
[[31  0]
 [ 0 33]]
[[38  1]
 [ 1 24]]
[[33  0]
 [ 0 31]]
[[35  0]
 [ 0 29]]
[[31  0]
 [ 0 33]]
[[34  1]
 [ 0 29]]
[[31  0]
 [ 1 32]]
[[39  0]
 [ 0 25]]
[[30  0]
 [ 0 34]]
[[40  0]
 [ 0 24]]
[[28  0]
 [ 0 36]]
[[40  0]
 [ 0 24]]
[[32  0]
 [ 0 32]]
[[31  0]
 [ 0 33]]
[[32  0]
 [ 1 31]]
[[32  0]
 [ 0 32]]
[[32  0]
 [ 0 32]]
[[32  0]
 [ 0 32]]
[[32  0]
 [ 0 32]]
[[30  1]
 [ 0 33]]
[[38  0]
 [ 0 26]]
[[36  0]
 [ 0 28]]
[[27  0]
 [ 0 37]]
[[37  0]
 [ 0 27]]
[[31  0]
 [ 0 33]]
[[36  1]
 [ 0 27]]
[[33  0]
 [ 0 31]]
[[34  0]
 [ 0 30]]
[[29  1]
 [ 0 34]]
[[35  0]
 [ 0 29]]
[[28  0]
 [ 0 36]]
[[32  0]
 [ 0 32]]
[[30  0]
 [ 1 33]]
[[29  1]
 [ 0 34]]
[[30  2]
 [ 0 32]]
[[23  0]
 [ 0 32]]
[[37  0]
 [ 0 27]]
[[28  0]
 [ 0 36]]
[[32  0]
 [ 0 32]]
[[31  0]
 [ 0 33]]
[[33  0]
 [ 0 31]]
[[33  1]
 [ 1 29]]
[[36  1]
 [ 0 27]]
[[33  1]
 [ 0 30]]
[[34  0]
 [ 0 30]]
[[35  1]
 [ 0 28]]
[[39  0]
 [ 0 25]]
[[30  0]
 [ 0 34]]
[[30  0]
 [ 0 34]]
[[34  0]
 [ 0 30]]
[[35  0]
 [ 0 29]]
[[36  0]
 [ 0 28]]
[[28  0]
 [ 0 36]]
[[27  0]
 [ 0 37]]
[[31  1]
 [ 0 32]]
[[29  0]
 [ 1 34]]
[[31  0]
 [ 1 32]]
[[31  0]
 [ 0 33]]
[[26  1]
 [ 0 37]]
[[36  0]
 [ 0 28]]
[[30  0]
 [ 0 34]]
[[26  1]
 [ 0 37]]
[[38  0]
 [ 1 25]]
[[39  0]
 [ 0 25]]
[[35  0]
 [ 1 28]]
[[27  0]
 [ 0 37]]
[[33  0]
 [ 0 31]]
[[24  1]
 [ 0 39]]
[[27  0]
 [ 0 37]]
[[26  0]
 [ 0 38]]
[[31  0]
 [ 0 33]]
[[29  0]
 [ 0 35]]
[[39  0]
 [ 0 25]]
[[42  0]
 [ 0 22]]
[[35  0]
 [ 0 29]]
[[32  1]
 [ 0 31]]
[[34  0]
 [ 0 30]]
[[31  0]
 [ 0 33]]
[[34  0]
 [ 0 30]]
[[35  0]
 [ 0 29]]
[[34  0]
 [ 0 30]]
[[28  0]
 [ 0 27]]
[[31  1]
 [ 0 32]]
[[36  0]
 [ 0 28]]
[[34  0]
 [ 0 30]]
[[26  0]
 [ 0 38]]
[[35  0]
 [ 0 29]]
[[33  0]
 [ 0 31]]
[[29  1]
 [ 0 34]]
[[28  0]
 [ 0 36]]
[[30  0]
 [ 0 34]]
[[28  1]
 [ 0 35]]
[[32  0]
 [ 0 32]]
[[27  0]
 [ 0 37]]
[[35  0]
 [ 0 29]]
[[34  0]
 [ 0 30]]
[[31  0]
 [ 1 32]]
[[33  0]
 [ 0 31]]
[[32  1]
 [ 0 31]]
[[36  0]
 [ 0 28]]
[[39  0]
 [ 0 25]]
[[32  0]
 [ 0 32]]
[[34  0]
 [ 0 30]]
[[33  0]
 [ 0 31]]
[[32  0]
 [ 1 31]]
[[32  0]
 [ 1 31]]
[[32  0]
 [ 0 32]]
[[37  0]
 [ 0 27]]
[[36  0]
 [ 0 28]]
[[26  0]
 [ 0 38]]
[[38  0]
 [ 0 26]]
[[28  1]
 [ 0 35]]
[[31  0]
 [ 0 33]]
[[35  1]
 [ 0 28]]
[[39  0]
 [ 0 25]]
[[29  0]
 [ 0 35]]
[[28  0]
 [ 1 35]]
[[36  0]
 [ 1 27]]
[[29  0]
 [ 0 35]]
[[33  1]
 [ 0 30]]
[[37  0]
 [ 0 27]]
[[27  0]
 [ 0 37]]
[[36  0]
 [ 0 28]]
[[32  0]
 [ 0 32]]
[[35  0]
 [ 0 29]]
[[35  0]
 [ 0 29]]
[[30  0]
 [ 0 34]]
[[23  2]
 [ 0 30]]
[[38  0]
 [ 0 26]]
[[29  0]
 [ 0 35]]
[[32  0]
 [ 0 32]]
[[30  0]
 [ 0 34]]
[[34  0]
 [ 0 30]]
[[32  0]
 [ 0 32]]
[[34  1]
 [ 0 29]]
[[32  1]
 [ 1 30]]
[[31  0]
 [ 0 33]]
[[36  0]
 [ 0 28]]
[[31  0]
 [ 0 33]]
[[28  0]
 [ 0 36]]
[[36  0]
 [ 0 28]]
[[31  0]
 [ 0 33]]
[[33  0]
 [ 0 31]]
[[30  0]
 [ 0 34]]
[[30  0]
 [ 0 34]]
[[38  0]
 [ 0 26]]
[[36  0]
 [ 0 28]]
[[28  0]
 [ 0 36]]
[[28  0]
 [ 0 36]]
[[36  0]
 [ 0 28]]
[[29  0]
 [ 0 35]]
[[32  1]
 [ 0 31]]
[[42  0]
 [ 0 22]]
[[33  0]
 [ 1 30]]
[[33  0]
 [ 0 31]]
[[36  0]
 [ 0 28]]
[[30  1]
 [ 0 33]]
[[38  0]
 [ 0 26]]
[[33  0]
 [ 0 31]]
[[27  0]
 [ 0 37]]
[[32  0]
 [ 0 32]]
[[38  1]
 [ 0 25]]
[[35  1]
 [ 0 28]]
[[30  1]
 [ 1 32]]
[[30  0]
 [ 0 34]]
[[34  1]
 [ 0 29]]
[[25  0]
 [ 0 39]]
[[32  1]
 [ 0 31]]
[[25  0]
 [ 0 39]]
[[36  0]
 [ 1 27]]
[[38  0]
 [ 0 26]]
[[25  0]
 [ 0 39]]
[[30  0]
 [ 0 34]]
[[28  0]
 [ 1 26]]
[[34  0]
 [ 1 29]]
[[33  0]
 [ 0 31]]
[[33  0]
 [ 0 31]]
[[33  1]
 [ 0 30]]
[[31  0]
 [ 0 33]]
[[26  1]
 [ 0 37]]
[[31  2]
 [ 0 31]]
[[32  0]
 [ 0 32]]
[[30  0]
 [ 0 34]]
[[30  0]
 [ 0 34]]
[[35  0]
 [ 0 29]]
[[20  0]
 [ 0 44]]
[[30  0]
 [ 0 34]]
[[40  0]
 [ 0 24]]
[[33  0]
 [ 0 31]]
[[32  0]
 [ 0 32]]
[[29  0]
 [ 0 35]]
[[31  0]
 [ 1 32]]
[[24  0]
 [ 0 40]]
[[37  0]
 [ 0 27]]
[[32  0]
 [ 0 32]]
[[31  0]
 [ 0 33]]
[[33  0]
 [ 1 30]]
[[31  0]
 [ 1 32]]
[[32  1]
 [ 0 31]]
[[36  1]
 [ 0 27]]
[[32  0]
 [ 0 32]]
[[30  0]
 [ 0 34]]
[[33  1]
 [ 1 29]]
[[29  0]
 [ 0 35]]
[[37  1]
 [ 0 26]]
[[33  0]
 [ 0 31]]
[[36  0]
 [ 0 28]]
[[27  0]
 [ 0 37]]
[[32  0]
 [ 0 32]]
[[25  1]
 [ 0 38]]
[[42  0]
 [ 0 22]]
[[34  0]
 [ 0 30]]
[[43  0]
 [ 0 21]]
[[36  0]
 [ 0 28]]
[[38  0]
 [ 0 26]]
[[31  0]
 [ 0 33]]
[[31  0]
 [ 0 33]]
[[32  0]
 [ 0 32]]
[[34  0]
 [ 0 30]]
[[30  0]
 [ 0 25]]
[[28  1]
 [ 1 34]]
[[29  0]
 [ 0 35]]
[[32  0]
 [ 0 32]]
[[43  0]
 [ 0 21]]
[[30  0]
 [ 0 34]]
[[36  0]
 [ 0 28]]
[[29  1]
 [ 0 34]]
[[39  0]
 [ 0 25]]
[[30  1]
 [ 0 33]]
[[31  1]
 [ 0 32]]
[[37  1]
 [ 0 26]]
[[37  1]
 [ 0 26]]
[[31  0]
 [ 1 32]]
[[31  0]
 [ 1 32]]
[[31  0]
 [ 0 33]]
[[22  0]
 [ 0 42]]
[[26  0]
 [ 0 38]]
[[35  0]
 [ 0 29]]
[[38  0]
 [ 1 25]]
[[33  0]
 [ 1 30]]
[[36  0]
 [ 0 28]]
[[32  0]
 [ 0 32]]
[[32  0]
 [ 0 32]]
[[31  0]
 [ 0 33]]
[[31  0]
 [ 0 33]]
[[32  1]
 [ 0 31]]
[[36  0]
 [ 0 28]]
[[35  0]
 [ 0 29]]
[[33  0]
 [ 0 31]]
[[33  0]
 [ 0 31]]
[[31  1]
 [ 0 32]]
[[26  0]
 [ 0 38]]
[[35  0]
 [ 0 29]]
[[34  0]
 [ 0 30]]
[[30  0]
 [ 0 34]]
[[40  1]
 [ 0 23]]
[[29  0]
 [ 0 35]]
[[30  0]
 [ 0 34]]
[[39  0]
 [ 0 25]]
[[28  0]
 [ 0 36]]
[[30  0]
 [ 0 34]]
[[29  0]
 [ 0 35]]
[[26  0]
 [ 0 38]]
[[32  0]
 [ 0 32]]
[[31  0]
 [ 0 33]]
[[35  0]
 [ 0 20]]
[[29  0]
 [ 0 35]]
[[33  0]
 [ 0 31]]
[[31  2]
 [ 1 30]]
[[37  0]
 [ 0 27]]
[[28  0]
 [ 0 36]]
[[30  0]
 [ 0 34]]
[[38  0]
 [ 0 26]]
[[36  0]
 [ 0 28]]
[[31  0]
 [ 1 32]]
[[33  0]
 [ 1 30]]
[[27  1]
 [ 0 36]]
[[36  0]
 [ 0 28]]
[[31  0]
 [ 0 33]]
[[33  0]
 [ 0 31]]
[[28  0]
 [ 0 36]]
[[30  0]
 [ 0 34]]
[[34  0]
 [ 0 30]]
[[24  1]
 [ 1 38]]
[[35  0]
 [ 0 29]]
[[33  0]
 [ 1 30]]
[[30  0]
 [ 0 34]]
[[32  0]
 [ 0 32]]
[[31  0]
 [ 0 33]]
[[37  0]
 [ 0 27]]
[[29  1]
 [ 0 34]]
[[36  1]
 [ 0 27]]
[[31  0]
 [ 0 33]]
[[38  0]
 [ 0 26]]
[[35  0]
 [ 0 29]]
[[31  0]
 [ 0 33]]
[[35  0]
 [ 0 29]]
[[30  0]
 [ 0 34]]
[[34  1]
 [ 0 29]]
[[30  0]
 [ 0 34]]
[[32  0]
 [ 0 32]]
[[34  0]
 [ 0 30]]
[[29  0]
 [ 0 35]]
[[35  0]
 [ 0 29]]
[[29  0]
 [ 0 35]]
[[33  0]
 [ 0 31]]
[[35  0]
 [ 0 29]]
[[35  1]
 [ 0 28]]
[[31  0]
 [ 0 33]]
[[33  0]
 [ 0 31]]
[[36  1]
 [ 0 27]]
[[26  0]
 [ 0 29]]
[[35  0]
 [ 0 29]]
[[35  0]
 [ 0 29]]
[[23  0]
 [ 1 40]]
[[40  0]
 [ 0 24]]
[[29  0]
 [ 0 35]]
[[31  0]
 [ 1 32]]
[[35  1]
 [ 0 28]]
[[29  0]
 [ 0 35]]
[[29  1]
 [ 0 34]]
[[28  0]
 [ 0 36]]
[[29  2]
 [ 0 33]]
[[24  0]
 [ 0 40]]
[[31  0]
 [ 0 33]]
[[38  0]
 [ 0 26]]
[[35  0]
 [ 0 29]]
[[34  0]
 [ 0 30]]
[[34  0]
 [ 0 30]]
[[32  0]
 [ 0 32]]
[[35  0]
 [ 0 29]]
[[35  0]
 [ 0 29]]
[[30  1]
 [ 0 33]]
[[30  0]
 [ 0 34]]
[[40  0]
 [ 0 24]]
[[36  1]
 [ 0 27]]
[[35  0]
 [ 0 29]]
[[32  0]
 [ 0 32]]
[[24  1]
 [ 0 39]]
[[31  0]
 [ 0 33]]
[[32  0]
 [ 1 31]]
[[31  0]
 [ 0 33]]
[[34  0]
 [ 0 30]]
[[25  0]
 [ 0 39]]
[[35  0]
 [ 0 29]]
[[34  0]
 [ 0 30]]
[[32  0]
 [ 0 32]]
[[38  0]
 [ 0 26]]
[[34  0]
 [ 1 29]]
[[29  0]
 [ 0 35]]
[[39  0]
 [ 0 25]]
[[32  0]
 [ 1 31]]
[[32  0]
 [ 0 32]]
[[32  1]
 [ 0 31]]
[[32  0]
 [ 0 32]]
[[36  0]
 [ 0 28]]
[[30  1]
 [ 0 33]]
[[28  0]
 [ 0 27]]
[[40  0]
 [ 0 24]]
[[38  1]
 [ 0 25]]
[[23  0]
 [ 0 41]]
[[31  0]
 [ 0 33]]
[[27  0]
 [ 0 37]]
[[29  0]
 [ 0 35]]
[[28  0]
 [ 0 36]]
[[42  0]
 [ 1 21]]
[[25  0]
 [ 0 39]]
[[31  0]
 [ 0 33]]
[[30  0]
 [ 0 34]]
[[28  0]
 [ 0 36]]
[[29  0]
 [ 0 35]]
[[28  0]
 [ 0 36]]
[[24  0]
 [ 0 40]]
[[34  0]
 [ 0 30]]
[[38  1]
 [ 0 25]]
[[32  0]
 [ 0 32]]
[[38  0]
 [ 0 26]]
[[35  0]
 [ 1 28]]
[[39  0]
 [ 0 25]]
[[25  0]
 [ 0 39]]
[[37  0]
 [ 1 26]]
[[31  0]
 [ 0 33]]
[[30  1]
 [ 1 32]]
[[35  2]
 [ 0 27]]
[[33  0]
 [ 0 31]]
[[30  0]
 [ 0 34]]
[[34  0]
 [ 0 30]]
[[36  0]
 [ 1 27]]
[[33  0]
 [ 0 31]]
[[33  0]
 [ 0 31]]
[[30  0]
 [ 0 34]]
[[33  2]
 [ 0 29]]
[[27  0]
 [ 0 37]]
[[39  0]
 [ 0 25]]
[[30  0]
 [ 0 34]]
[[30  0]
 [ 0 34]]
[[35  0]
 [ 0 29]]
[[36  1]
 [ 0 27]]
[[35  1]
 [ 0 28]]
[[30  0]
 [ 0 34]]
[[27  0]
 [ 0 37]]
[[36  0]
 [ 0 28]]
[[39  0]
 [ 0 25]]
[[31  0]
 [ 0 24]]
[[33  0]
 [ 0 31]]
[[37  0]
 [ 1 26]]
[[32  0]
 [ 0 32]]
[[35  0]
 [ 0 29]]
[[28  0]
 [ 0 36]]
[[23  1]
 [ 1 39]]
[[39  0]
 [ 1 24]]
[[35  0]
 [ 0 29]]
[[29  0]
 [ 0 35]]
[[33  0]
 [ 0 31]]
[[38  0]
 [ 0 26]]
[[32  0]
 [ 0 32]]
[[29  1]
 [ 0 34]]
[[26  0]
 [ 0 38]]
[[34  0]
 [ 0 30]]
[[33  0]
 [ 0 31]]
[[32  0]
 [ 0 32]]
[[36  0]
 [ 0 28]]
[[26  0]
 [ 0 38]]
[[35  0]
 [ 0 29]]
[[39  0]
 [ 0 25]]
[[25  0]
 [ 0 39]]
[[27  0]
 [ 0 37]]
[[27  0]
 [ 0 37]]
[[36  1]
 [ 0 27]]
[[33  2]
 [ 1 28]]
[[35  0]
 [ 0 29]]
[[39  0]
 [ 0 25]]
[[31  1]
 [ 0 32]]
[[31  1]
 [ 0 32]]
[[32  0]
 [ 0 32]]
[[33  0]
 [ 0 31]]
[[32  0]
 [ 0 32]]
[[36  1]
 [ 0 27]]
[[28  0]
 [ 0 36]]
[[36  0]
 [ 0 28]]
[[28  0]
 [ 0 36]]
[[33  0]
 [ 0 31]]
[[30  0]
 [ 0 34]]
[[34  1]
 [ 0 29]]
[[29  0]
 [ 0 35]]
[[29  0]
 [ 0 35]]
[[45  0]
 [ 0 19]]
[[32  0]
 [ 0 32]]
[[36  0]
 [ 1 27]]
[[23  0]
 [ 0 32]]
[[33  1]
 [ 1 29]]
[[31  1]
 [ 0 32]]
[[31  0]
 [ 0 33]]
[[32  0]
 [ 0 32]]
[[39  0]
 [ 0 25]]
[[37  0]
 [ 0 27]]
[[33  1]
 [ 0 30]]
[[29  0]
 [ 0 35]]
[[35  0]
 [ 0 29]]
[[32  0]
 [ 0 32]]
[[31  0]
 [ 1 32]]
[[36  0]
 [ 0 28]]
[[29  0]
 [ 0 35]]
[[37  0]
 [ 0 27]]
[[29  2]
 [ 0 33]]
[[26  0]
 [ 0 38]]
[[27  0]
 [ 0 37]]
[[36  0]
 [ 0 28]]
[[36  0]
 [ 0 28]]
[[36  0]
 [ 0 28]]
[[24  0]
 [ 0 40]]
[[36  0]
 [ 0 28]]
[[29  0]
 [ 0 35]]
[[27  0]
 [ 0 37]]
[[32  0]
 [ 1 31]]
[[34  0]
 [ 0 30]]
[[38  0]
 [ 0 26]]
[[29  0]
 [ 0 35]]
[[33  1]
 [ 0 30]]
[[28  0]
 [ 0 36]]
[[32  0]
 [ 0 32]]
[[33  1]
 [ 0 30]]
[[37  0]
 [ 0 27]]
[[32  0]
 [ 0 32]]
[[30  0]
 [ 1 33]]
[[40  0]
 [ 1 23]]
[[32  0]
 [ 0 32]]
[[36  0]
 [ 0 28]]
[[28  0]
 [ 0 36]]
[[28  0]
 [ 0 36]]
[[32  0]
 [ 0 32]]
[[36  1]
 [ 0 27]]
[[33  1]
 [ 0 30]]
[[32  0]
 [ 0 32]]
[[36  0]
 [ 0 28]]
[[22  0]
 [ 0 33]]
[[31  0]
 [ 0 33]]
[[29  0]
 [ 0 35]]
[[36  0]
 [ 0 28]]
[[38  0]
 [ 0 26]]
[[25  1]
 [ 1 37]]
[[35  1]
 [ 1 27]]
[[33  0]
 [ 0 31]]
[[30  0]
 [ 1 33]]
[[33  0]
 [ 0 31]]
[[28  0]
 [ 0 36]]
[[23  1]
 [ 0 40]]
[[31  0]
 [ 0 33]]
[[28  0]
 [ 0 36]]
[[34  0]
 [ 0 30]]
[[36  0]
 [ 0 28]]
[[37  0]
 [ 0 27]]
[[34  0]
 [ 0 30]]
[[26  1]
 [ 0 37]]
[[32  0]
 [ 0 32]]
[[34  0]
 [ 0 30]]
[[32  0]
 [ 0 32]]
[[33  0]
 [ 0 31]]
[[28  0]
 [ 0 36]]
[[33  0]
 [ 0 31]]
[[34  1]
 [ 0 29]]
[[35  0]
 [ 0 29]]
[[35  0]
 [ 0 29]]
[[35  0]
 [ 0 29]]
[[29  0]
 [ 0 35]]
[[31  0]
 [ 0 33]]
[[30  0]
 [ 0 34]]
[[33  1]
 [ 0 30]]
[[31  0]
 [ 0 33]]
[[34  0]
 [ 1 29]]
[[33  1]
 [ 0 30]]
[[34  0]
 [ 0 30]]
[[30  1]
 [ 0 33]]
[[38  0]
 [ 0 26]]
[[32  0]
 [ 0 32]]
[[37  0]
 [ 0 27]]
[[31  0]
 [ 0 33]]
[[32  0]
 [ 0 32]]
[[29  0]
 [ 1 34]]
[[44  0]
 [ 0 20]]
[[26  0]
 [ 0 38]]
[[32  1]
 [ 0 22]]
[[32  0]
 [ 0 32]]
[[34  0]
 [ 0 30]]
[[27  0]
 [ 0 37]]
[[31  1]
 [ 0 32]]
[[33  0]
 [ 0 31]]
[[33  2]
 [ 0 29]]
[[27  0]
 [ 0 37]]
[[39  0]
 [ 0 25]]
[[37  0]
 [ 0 27]]
[[29  0]
 [ 0 35]]
[[30  0]
 [ 0 34]]
[[35  0]
 [ 0 29]]
[[37  0]
 [ 0 27]]
[[37  0]
 [ 0 27]]
[[32  0]
 [ 0 32]]
[[40  0]
 [ 0 24]]
[[35  0]
 [ 0 29]]
[[36  0]
 [ 0 28]]
[[30  0]
 [ 2 32]]
[[29  0]
 [ 0 35]]
[[33  0]
 [ 0 31]]
[[31  0]
 [ 0 33]]
[[38  0]
 [ 0 26]]
[[34  0]
 [ 0 30]]
[[30  1]
 [ 0 33]]
[[36  0]
 [ 0 28]]
[[26  1]
 [ 0 37]]
[[31  0]
 [ 1 32]]
[[27  1]
 [ 0 36]]
[[33  0]
 [ 0 31]]
[[30  2]
 [ 0 32]]
[[29  0]
 [ 0 35]]
[[36  1]
 [ 1 26]]
[[33  0]
 [ 0 31]]
[[24  0]
 [ 0 40]]
[[31  0]
 [ 0 33]]
[[32  0]
 [ 0 32]]
[[26  0]
 [ 0 38]]
[[35  0]
 [ 0 29]]
[[26  0]
 [ 0 38]]
[[34  0]
 [ 0 30]]
[[32  0]
 [ 0 32]]
[[41  0]
 [ 1 22]]
[[31  0]
 [ 0 33]]
[[32  0]
 [ 0 32]]
[[30  0]
 [ 0 25]]
[[35  0]
 [ 0 29]]
[[26  0]
 [ 0 38]]
[[35  0]
 [ 0 29]]
[[26  1]
 [ 0 37]]
[[30  1]
 [ 0 33]]
[[31  1]
 [ 0 32]]
[[29  0]
 [ 0 35]]
[[27  0]
 [ 0 37]]
[[35  0]
 [ 0 29]]
[[31  1]
 [ 0 32]]
[[35  0]
 [ 0 29]]
[[41  0]
 [ 0 23]]
[[39  0]
 [ 1 24]]
[[34  0]
 [ 0 30]]
[[33  0]
 [ 1 30]]
[[36  0]
 [ 0 28]]
[[34  0]
 [ 0 30]]
[[33  0]
 [ 0 31]]
[[30  0]
 [ 0 34]]
[[30  0]
 [ 0 34]]
[[28  0]
 [ 0 36]]
[[28  0]
 [ 0 36]]
[[35  0]
 [ 0 29]]
[[38  0]
 [ 0 26]]
[[27  1]
 [ 0 36]]
[[32  0]
 [ 0 32]]
[[33  0]
 [ 0 31]]
[[34  0]
 [ 0 30]]
[[33  1]
 [ 0 30]]
[[31  0]
 [ 1 32]]
[[34  0]
 [ 0 30]]
[[28  0]
 [ 0 36]]
[[32  0]
 [ 0 32]]
[[37  0]
 [ 0 27]]
[[38  0]
 [ 0 26]]
[[23  1]
 [ 0 40]]
[[34  0]
 [ 0 30]]
[[30  0]
 [ 1 33]]
[[34  0]
 [ 0 30]]
[[34  0]
 [ 0 30]]
[[40  1]
 [ 0 23]]
[[29  0]
 [ 0 35]]
[[30  0]
 [ 0 34]]
[[28  0]
 [ 0 36]]
[[37  0]
 [ 0 27]]
[[27  1]
 [ 1 26]]
[[29  0]
 [ 0 35]]
[[36  0]
 [ 0 28]]
[[23  0]
 [ 0 41]]
[[32  0]
 [ 0 32]]
[[32  1]
 [ 0 31]]
[[37  1]
 [ 0 26]]
[[33  1]
 [ 0 30]]
[[27  0]
 [ 0 37]]
[[32  1]
 [ 0 31]]
[[34  0]
 [ 0 30]]
[[27  0]
 [ 0 37]]
[[31  1]
 [ 0 32]]
[[35  0]
 [ 0 29]]
[[35  0]
 [ 0 29]]
[[33  0]
 [ 1 30]]
[[34  0]
 [ 0 30]]
[[36  0]
 [ 0 28]]
[[37  0]
 [ 0 27]]
[[35  0]
 [ 0 29]]
[[33  0]
 [ 0 31]]
[[27  1]
 [ 0 36]]
[[37  1]
 [ 0 26]]
[[36  0]
 [ 1 27]]
[[34  0]
 [ 0 30]]
[[36  0]
 [ 0 28]]
[[27  0]
 [ 0 37]]
[[32  0]
 [ 0 32]]
[[35  0]
 [ 0 29]]
[[35  0]
 [ 1 28]]
[[37  0]
 [ 0 27]]
[[33  0]
 [ 0 31]]
[[29  1]
 [ 0 34]]
[[28  0]
 [ 0 36]]
[[30  0]
 [ 0 34]]
[[41  0]
 [ 1 22]]
[[32  0]
 [ 0 32]]
[[31  1]
 [ 0 32]]
[[26  0]
 [ 0 38]]
[[30  0]
 [ 0 34]]
[[35  0]
 [ 0 29]]
[[35  0]
 [ 0 29]]
[[31  0]
 [ 0 33]]
[[32  0]
 [ 0 32]]
[[33  0]
 [ 0 31]]
[[29  0]
 [ 0 35]]
[[22  0]
 [ 1 32]]
[[29  0]
 [ 0 35]]
[[43  0]
 [ 0 21]]
[[35  0]
 [ 0 29]]
[[32  0]
 [ 0 32]]
[[44  0]
 [ 0 20]]
[[30  0]
 [ 0 34]]
[[39  0]
 [ 0 25]]
[[24  1]
 [ 0 39]]
[[33  0]
 [ 0 31]]
[[33  1]
 [ 0 30]]
[[26  0]
 [ 0 38]]
[[35  0]
 [ 0 29]]
[[35  0]
 [ 0 29]]
[[21  1]
 [ 1 41]]
[[30  0]
 [ 0 34]]
[[29  3]
 [ 0 32]]
[[35  0]
 [ 0 29]]
[[22  0]
 [ 0 42]]
[[36  0]
 [ 0 28]]
[[35  0]
 [ 0 29]]
[[29  0]
 [ 2 33]]
[[33  0]
 [ 0 31]]
[[25  0]
 [ 0 39]]
[[32  0]
 [ 0 32]]
[[33  0]
 [ 0 31]]
[[35  0]
 [ 0 29]]
[[34  0]
 [ 0 30]]
[[36  0]
 [ 0 28]]
[[28  2]
 [ 0 34]]
[[29  1]
 [ 0 34]]
[[32  0]
 [ 0 32]]
[[27  0]
 [ 0 37]]
[[36  0]
 [ 1 27]]
[[25  0]
 [ 0 39]]
[[36  0]
 [ 0 28]]
[[34  0]
 [ 0 30]]
[[26  0]
 [ 0 38]]
[[37  0]
 [ 0 27]]
[[34  0]
 [ 0 30]]
[[34  0]
 [ 0 30]]
[[36  0]
 [ 0 28]]
[[33  0]
 [ 0 31]]
[[35  0]
 [ 0 29]]
[[35  0]
 [ 0 29]]
[[34  0]
 [ 0 30]]
[[30  0]
 [ 1 24]]
[[32  0]
 [ 0 32]]
[[33  0]
 [ 0 31]]
[[30  0]
 [ 0 34]]
[[33  0]
 [ 0 31]]
[[34  1]
 [ 0 29]]
[[34  0]
 [ 1 29]]
[[27  1]
 [ 0 36]]
[[33  0]
 [ 1 30]]
[[34  0]
 [ 0 30]]
[[36  1]
 [ 0 27]]
[[35  1]
 [ 1 27]]
[[34  0]
 [ 0 30]]
[[33  0]
 [ 0 31]]
[[38  0]
 [ 0 26]]
[[29  0]
 [ 0 35]]
[[25  0]
 [ 0 39]]
[[31  0]
 [ 0 33]]
[[32  0]
 [ 1 31]]
[[26  0]
 [ 1 37]]
[[36  0]
 [ 0 28]]
[[28  1]
 [ 0 35]]
[[41  1]
 [ 0 22]]
[[38  1]
 [ 0 25]]
[[29  0]
 [ 0 35]]
[[26  0]
 [ 0 38]]
[[33  0]
 [ 0 31]]
[[35  1]
 [ 0 28]]
[[29  0]
 [ 0 35]]
[[34  1]
 [ 0 29]]
[[32  0]
 [ 0 32]]
[[29  0]
 [ 0 35]]
[[32  0]
 [ 0 32]]
[[29  0]
 [ 0 35]]
[[31  0]
 [ 0 33]]
[[29  0]
 [ 0 35]]
[[36  0]
 [ 0 28]]
[[31  0]
 [ 0 33]]
[[37  0]
 [ 0 27]]
[[33  0]
 [ 0 31]]
[[28  0]
 [ 0 36]]
[[36  0]
 [ 0 28]]
[[36  0]
 [ 0 28]]
[[34  0]
 [ 0 30]]
[[34  0]
 [ 0 30]]
[[31  0]
 [ 0 33]]
[[28  0]
 [ 0 27]]
[[32  0]
 [ 0 32]]
[[28  1]
 [ 0 35]]
[[27  0]
 [ 2 35]]
[[35  0]
 [ 0 29]]
[[30  0]
 [ 0 34]]
[[33  0]
 [ 0 31]]
[[28  0]
 [ 0 36]]
[[30  0]
 [ 0 34]]
[[25  0]
 [ 0 39]]
[[35  0]
 [ 0 29]]
[[33  0]
 [ 0 31]]
[[32  1]
 [ 0 31]]
[[30  0]
 [ 0 34]]
[[40  0]
 [ 0 24]]
[[39  0]
 [ 0 25]]
[[27  0]
 [ 1 36]]
[[40  0]
 [ 0 24]]
[[24  0]
 [ 0 40]]
[[36  0]
 [ 0 28]]
[[26  0]
 [ 0 38]]
[[38  0]
 [ 0 26]]
[[30  0]
 [ 0 34]]
[[33  0]
 [ 0 31]]
[[35  0]
 [ 0 29]]
[[36  0]
 [ 0 28]]
[[34  1]
 [ 0 29]]
[[33  0]
 [ 1 30]]
[[38  0]
 [ 0 26]]
[[32  1]
 [ 0 31]]
[[34  0]
 [ 0 30]]
[[36  1]
 [ 0 27]]
[[25  0]
 [ 0 39]]
[[31  1]
 [ 0 32]]
[[31  2]
 [ 0 31]]
[[31  0]
 [ 0 33]]
[[35  0]
 [ 0 29]]
[[34  1]
 [ 0 29]]
[[33  0]
 [ 0 31]]
[[30  0]
 [ 1 33]]
[[36  0]
 [ 0 28]]
[[29  0]
 [ 0 35]]
[[30  0]
 [ 0 34]]
[[30  0]
 [ 0 34]]
[[39  0]
 [ 0 25]]
[[32  0]
 [ 0 32]]
[[29  0]
 [ 0 26]]
[[31  0]
 [ 0 33]]
[[25  0]
 [ 0 39]]
[[37  0]
 [ 0 27]]
[[41  0]
 [ 0 23]]
[[27  0]
 [ 0 37]]
[[31  0]
 [ 0 33]]
[[32  0]
 [ 0 32]]
[[19  0]
 [ 0 45]]
[[29  0]
 [ 0 35]]
[[30  0]
 [ 0 34]]
[[34  0]
 [ 0 30]]
[[30  0]
 [ 0 34]]
[[31  0]
 [ 0 33]]
[[33  0]
 [ 0 31]]
[[35  0]
 [ 0 29]]
[[33  0]
 [ 0 31]]
[[33  2]
 [ 0 29]]
[[34  0]
 [ 0 30]]
[[36  0]
 [ 0 28]]
[[38  0]
 [ 0 26]]
[[34  0]
 [ 0 30]]
[[31  0]
 [ 0 33]]
[[34  0]
 [ 1 29]]
[[34  0]
 [ 1 29]]
[[32  0]
 [ 0 32]]
[[36  0]
 [ 0 28]]
[[38  0]
 [ 0 26]]
[[37  0]
 [ 0 27]]
[[28  1]
 [ 0 35]]
[[35  0]
 [ 0 29]]
[[31  0]
 [ 0 33]]
[[32  0]
 [ 0 32]]
[[39  0]
 [ 0 25]]
[[35  0]
 [ 0 29]]
[[24  1]
 [ 0 39]]
[[38  0]
 [ 0 26]]
[[40  1]
 [ 0 23]]
[[24  1]
 [ 0 39]]
[[30  2]
 [ 0 32]]
[[24  0]
 [ 1 39]]
[[34  0]
 [ 0 30]]
[[30  0]
 [ 0 34]]
[[32  0]
 [ 1 31]]
[[35  1]
 [ 0 28]]
[[33  0]
 [ 1 30]]
[[25  0]
 [ 0 30]]
[[32  0]
 [ 0 32]]
[[35  0]
 [ 0 29]]
[[37  0]
 [ 0 27]]
[[34  1]
 [ 0 29]]
[[28  0]
 [ 0 36]]
[[31  0]
 [ 0 33]]
[[42  0]
 [ 0 22]]
[[29  0]
 [ 1 34]]
[[33  0]
 [ 0 31]]
[[30  0]
 [ 0 34]]
[[29  0]
 [ 0 35]]
[[31  1]
 [ 0 32]]
[[29  1]
 [ 0 34]]
[[29  0]
 [ 0 35]]
[[31  0]
 [ 0 33]]
[[29  0]
 [ 0 35]]
[[21  0]
 [ 0 43]]
[[30  0]
 [ 0 34]]
[[38  0]
 [ 0 26]]
[[32  0]
 [ 0 32]]
[[39  0]
 [ 0 25]]
[[35  0]
 [ 1 28]]
[[37  0]
 [ 0 27]]
[[34  0]
 [ 0 30]]
[[22  1]
 [ 0 41]]
[[36  0]
 [ 0 28]]
[[37  0]
 [ 0 27]]
[[30  0]
 [ 0 34]]
[[38  0]
 [ 1 25]]
[[33  2]
 [ 0 29]]
[[28  0]
 [ 0 36]]
[[40  0]
 [ 0 24]]
[[32  0]
 [ 0 32]]
[[35  1]
 [ 0 28]]
[[34  0]
 [ 0 30]]
[[30  0]
 [ 0 34]]
[[34  0]
 [ 0 30]]
[[36  0]
 [ 0 28]]
[[34  0]
 [ 0 30]]
[[28  0]
 [ 0 36]]
[[27  0]
 [ 1 36]]
[[33  0]
 [ 0 31]]
[[30  0]
 [ 0 34]]
[[35  1]
 [ 1 27]]
[[31  0]
 [ 0 33]]
[[26  1]
 [ 0 28]]
[[37  0]
 [ 0 27]]
[[28  1]
 [ 0 35]]
[[32  1]
 [ 0 31]]
[[25  0]
 [ 0 39]]
[[36  0]
 [ 0 28]]
[[36  0]
 [ 1 27]]
[[33  1]
 [ 0 30]]
[[34  1]
 [ 0 29]]
[[26  0]
 [ 0 38]]
[[38  0]
 [ 0 26]]
[[32  0]
 [ 0 32]]
[[28  0]
 [ 0 36]]
[[33  1]
 [ 0 30]]
[[28  0]
 [ 1 35]]
[[34  0]
 [ 1 29]]
[[32  0]
 [ 0 32]]
[[34  0]
 [ 0 30]]
[[28  0]
 [ 0 36]]
[[29  0]
 [ 0 35]]
[[35  0]
 [ 0 29]]
[[30  1]
 [ 0 33]]
[[31  0]
 [ 0 33]]
[[30  0]
 [ 1 33]]
[[36  0]
 [ 0 28]]
[[36  0]
 [ 0 28]]
[[30  0]
 [ 1 33]]
[[34  0]
 [ 0 30]]
[[28  0]
 [ 0 36]]
[[38  0]
 [ 0 26]]
[[38  0]
 [ 0 26]]
[[25  0]
 [ 0 39]]
[[37  0]
 [ 0 27]]
[[40  0]
 [ 0 24]]
[[37  0]
 [ 0 27]]
[[28  1]
 [ 0 35]]
[[33  0]
 [ 0 31]]
[[36  0]
 [ 0 28]]
[[29  0]
 [ 0 35]]
[[36  0]
 [ 0 28]]
[[31  1]
 [ 0 32]]
[[33  0]
 [ 0 31]]
[[27  0]
 [ 0 37]]
[[32  0]
 [ 0 32]]
[[31  0]
 [ 0 33]]
[[33  0]
 [ 0 31]]
[[27  1]
 [ 0 27]]
[[26  0]
 [ 0 38]]
[[29  0]
 [ 0 35]]
[[28  0]
 [ 0 36]]
[[32  0]
 [ 0 32]]
[[24  0]
 [ 0 40]]
[[33  0]
 [ 0 31]]
[[39  0]
 [ 0 25]]
[[30  0]
 [ 0 34]]
[[30  0]
 [ 0 34]]
[[33  0]
 [ 0 31]]
[[35  0]
 [ 0 29]]
[[32  0]
 [ 1 31]]
[[37  0]
 [ 0 27]]
[[39  0]
 [ 0 25]]
[[32  0]
 [ 0 32]]
[[31  0]
 [ 0 33]]
[[31  1]
 [ 0 32]]
[[33  0]
 [ 0 31]]
[[27  0]
 [ 0 37]]
[[28  0]
 [ 0 36]]
[[28  1]
 [ 0 35]]
[[31  0]
 [ 0 33]]
[[33  0]
 [ 0 31]]
[[35  1]
 [ 0 28]]
[[33  1]
 [ 0 30]]
[[38  0]
 [ 1 25]]
[[39  1]
 [ 0 24]]
[[26  0]
 [ 0 38]]
[[39  0]
 [ 0 25]]
[[34  0]
 [ 0 30]]
[[29  0]
 [ 0 35]]
[[35  0]
 [ 0 29]]
[[37  1]
 [ 0 26]]
[[33  0]
 [ 1 30]]
[[28  1]
 [ 0 35]]
[[32  0]
 [ 0 32]]
[[33  0]
 [ 0 31]]
[[30  0]
 [ 0 34]]
[[35  0]
 [ 0 29]]
[[34  0]
 [ 0 30]]
[[31  0]
 [ 0 33]]
[[42  0]
 [ 0 22]]
[[32  1]
 [ 1 30]]
[[32  0]
 [ 0 32]]
[[29  0]
 [ 0 35]]
[[27  1]
 [ 1 26]]
